2020-10-23 23:21:19,373 2020-10-23 23:21:19: Started

2020-10-23 23:21:25,612 Starting new HTTPS connection (1): api.tdameritrade.com:443
2020-10-23 23:21:26,300 https://api.tdameritrade.com:443 "GET /v1/marketdata/chains?apikey=IMCCPZNM01UXWS3P6X9NLMBZ9SBYUOVA&symbol=SPY HTTP/1.1" 200 None
2020-10-23 23:23:07,750 2020-10-23 23:23:07: Started

2020-10-23 23:23:07,765 Starting new HTTPS connection (1): api.tdameritrade.com:443
2020-10-23 23:23:08,342 https://api.tdameritrade.com:443 "GET /v1/marketdata/chains?apikey=IMCCPZNM01UXWS3P6X9NLMBZ9SBYUOVA&symbol=SPY HTTP/1.1" 200 None
2020-10-23 23:23:09,105 Starting new HTTPS connection (1): api.tdameritrade.com:443
2020-10-23 23:23:09,647 https://api.tdameritrade.com:443 "GET /v1/marketdata/chains?apikey=IMCCPZNM01UXWS3P6X9NLMBZ9SBYUOVA&symbol=AAPL HTTP/1.1" 200 None
2020-10-23 23:23:09,975 Starting new HTTPS connection (1): api.tdameritrade.com:443
2020-10-23 23:23:10,480 https://api.tdameritrade.com:443 "GET /v1/marketdata/chains?apikey=IMCCPZNM01UXWS3P6X9NLMBZ9SBYUOVA&symbol=TSLA HTTP/1.1" 200 None
2020-10-23 23:23:11,196 Starting new HTTPS connection (1): api.tdameritrade.com:443
2020-10-23 23:23:11,744 https://api.tdameritrade.com:443 "GET /v1/marketdata/chains?apikey=IMCCPZNM01UXWS3P6X9NLMBZ9SBYUOVA&symbol=AMZN HTTP/1.1" 200 None
2020-10-23 23:23:12,593 Starting new HTTPS connection (1): api.tdameritrade.com:443
2020-10-23 23:23:13,114 https://api.tdameritrade.com:443 "GET /v1/marketdata/chains?apikey=IMCCPZNM01UXWS3P6X9NLMBZ9SBYUOVA&symbol=QQQ HTTP/1.1" 200 None
2020-10-23 23:23:13,692 Starting new HTTPS connection (1): api.tdameritrade.com:443
2020-10-23 23:23:14,166 https://api.tdameritrade.com:443 "GET /v1/marketdata/chains?apikey=IMCCPZNM01UXWS3P6X9NLMBZ9SBYUOVA&symbol=AMD HTTP/1.1" 200 None
2020-10-23 23:23:14,486 Starting new HTTPS connection (1): api.tdameritrade.com:443
2020-10-23 23:23:14,873 https://api.tdameritrade.com:443 "GET /v1/marketdata/chains?apikey=IMCCPZNM01UXWS3P6X9NLMBZ9SBYUOVA&symbol=NVDA HTTP/1.1" 200 None
2020-10-23 23:23:15,255 Starting new HTTPS connection (1): api.tdameritrade.com:443
2020-10-23 23:23:15,712 https://api.tdameritrade.com:443 "GET /v1/marketdata/chains?apikey=IMCCPZNM01UXWS3P6X9NLMBZ9SBYUOVA&symbol=MSFT HTTP/1.1" 200 None
2020-10-23 23:23:16,050 Starting new HTTPS connection (1): api.tdameritrade.com:443
2020-10-23 23:23:16,443 https://api.tdameritrade.com:443 "GET /v1/marketdata/chains?apikey=IMCCPZNM01UXWS3P6X9NLMBZ9SBYUOVA&symbol=WMT HTTP/1.1" 200 None
2020-10-23 23:23:16,667 Starting new HTTPS connection (1): api.tdameritrade.com:443
2020-10-23 23:23:17,058 https://api.tdameritrade.com:443 "GET /v1/marketdata/chains?apikey=IMCCPZNM01UXWS3P6X9NLMBZ9SBYUOVA&symbol=FB HTTP/1.1" 200 None
2020-10-23 23:23:17,441 Starting new HTTPS connection (1): api.tdameritrade.com:443
2020-10-23 23:23:17,956 https://api.tdameritrade.com:443 "GET /v1/marketdata/chains?apikey=IMCCPZNM01UXWS3P6X9NLMBZ9SBYUOVA&symbol=VXX HTTP/1.1" 200 None
2020-10-23 23:23:18,270 Starting new HTTPS connection (1): api.tdameritrade.com:443
2020-10-23 23:23:18,732 https://api.tdameritrade.com:443 "GET /v1/marketdata/chains?apikey=IMCCPZNM01UXWS3P6X9NLMBZ9SBYUOVA&symbol=NFLX HTTP/1.1" 200 None
2020-10-23 23:23:19,156 Starting new HTTPS connection (1): api.tdameritrade.com:443
2020-10-23 23:23:19,519 https://api.tdameritrade.com:443 "GET /v1/marketdata/chains?apikey=IMCCPZNM01UXWS3P6X9NLMBZ9SBYUOVA&symbol=BA HTTP/1.1" 200 None
2020-10-23 23:23:19,836 Starting new HTTPS connection (1): api.tdameritrade.com:443
2020-10-23 23:23:20,320 https://api.tdameritrade.com:443 "GET /v1/marketdata/chains?apikey=IMCCPZNM01UXWS3P6X9NLMBZ9SBYUOVA&symbol=CRM HTTP/1.1" 200 None
2020-10-23 23:23:21,039 Starting new HTTPS connection (1): api.tdameritrade.com:443
2020-10-23 23:23:21,552 https://api.tdameritrade.com:443 "GET /v1/marketdata/chains?apikey=IMCCPZNM01UXWS3P6X9NLMBZ9SBYUOVA&symbol=DIS HTTP/1.1" 200 None
2020-10-23 23:23:21,968 Starting new HTTPS connection (1): api.tdameritrade.com:443
2020-10-23 23:23:22,361 https://api.tdameritrade.com:443 "GET /v1/marketdata/chains?apikey=IMCCPZNM01UXWS3P6X9NLMBZ9SBYUOVA&symbol=ABT HTTP/1.1" 200 None
2020-10-23 23:23:22,681 Starting new HTTPS connection (1): api.tdameritrade.com:443
2020-10-23 23:23:23,274 https://api.tdameritrade.com:443 "GET /v1/marketdata/chains?apikey=IMCCPZNM01UXWS3P6X9NLMBZ9SBYUOVA&symbol=JPM HTTP/1.1" 200 None
2020-10-23 23:23:23,821 Starting new HTTPS connection (1): api.tdameritrade.com:443
2020-10-23 23:23:24,186 https://api.tdameritrade.com:443 "GET /v1/marketdata/chains?apikey=IMCCPZNM01UXWS3P6X9NLMBZ9SBYUOVA&symbol=AAL HTTP/1.1" 200 None
2020-10-23 23:23:24,476 Starting new HTTPS connection (1): api.tdameritrade.com:443
2020-10-23 23:23:24,953 https://api.tdameritrade.com:443 "GET /v1/marketdata/chains?apikey=IMCCPZNM01UXWS3P6X9NLMBZ9SBYUOVA&symbol=ORCL HTTP/1.1" 200 None
2020-10-23 23:23:25,136 Starting new HTTPS connection (1): api.tdameritrade.com:443
2020-10-23 23:23:25,550 https://api.tdameritrade.com:443 "GET /v1/marketdata/chains?apikey=IMCCPZNM01UXWS3P6X9NLMBZ9SBYUOVA&symbol=BAC HTTP/1.1" 200 None
2020-10-23 23:23:26,048 Starting new HTTPS connection (1): api.tdameritrade.com:443
2020-10-23 23:23:26,536 https://api.tdameritrade.com:443 "GET /v1/marketdata/chains?apikey=IMCCPZNM01UXWS3P6X9NLMBZ9SBYUOVA&symbol=ZM HTTP/1.1" 200 None
2020-10-23 23:23:26,904 Starting new HTTPS connection (1): api.tdameritrade.com:443
2020-10-23 23:23:27,310 https://api.tdameritrade.com:443 "GET /v1/marketdata/chains?apikey=IMCCPZNM01UXWS3P6X9NLMBZ9SBYUOVA&symbol=IWM HTTP/1.1" 200 None
2020-10-23 23:23:27,785 Starting new HTTPS connection (1): api.tdameritrade.com:443
2020-10-23 23:23:28,202 https://api.tdameritrade.com:443 "GET /v1/marketdata/chains?apikey=IMCCPZNM01UXWS3P6X9NLMBZ9SBYUOVA&symbol=CCL HTTP/1.1" 200 None
2020-10-23 23:23:28,583 Starting new HTTPS connection (1): api.tdameritrade.com:443
2020-10-23 23:23:28,956 https://api.tdameritrade.com:443 "GET /v1/marketdata/chains?apikey=IMCCPZNM01UXWS3P6X9NLMBZ9SBYUOVA&symbol=HD HTTP/1.1" 200 None
2020-10-23 23:23:29,346 Starting new HTTPS connection (1): api.tdameritrade.com:443
2020-10-23 23:23:29,832 https://api.tdameritrade.com:443 "GET /v1/marketdata/chains?apikey=IMCCPZNM01UXWS3P6X9NLMBZ9SBYUOVA&symbol=INTC HTTP/1.1" 200 None
2020-10-23 23:23:30,048 Starting new HTTPS connection (1): api.tdameritrade.com:443
2020-10-23 23:23:30,559 https://api.tdameritrade.com:443 "GET /v1/marketdata/chains?apikey=IMCCPZNM01UXWS3P6X9NLMBZ9SBYUOVA&symbol=UAL HTTP/1.1" 200 None
2020-10-23 23:23:30,759 Starting new HTTPS connection (1): api.tdameritrade.com:443
2020-10-23 23:23:31,159 https://api.tdameritrade.com:443 "GET /v1/marketdata/chains?apikey=IMCCPZNM01UXWS3P6X9NLMBZ9SBYUOVA&symbol=DAL HTTP/1.1" 200 None
2020-10-23 23:23:31,318 Starting new HTTPS connection (1): api.tdameritrade.com:443
2020-10-23 23:23:31,684 https://api.tdameritrade.com:443 "GET /v1/marketdata/chains?apikey=IMCCPZNM01UXWS3P6X9NLMBZ9SBYUOVA&symbol=TWTR HTTP/1.1" 200 None
2020-10-23 23:23:31,922 Starting new HTTPS connection (1): api.tdameritrade.com:443
2020-10-23 23:23:32,284 https://api.tdameritrade.com:443 "GET /v1/marketdata/chains?apikey=IMCCPZNM01UXWS3P6X9NLMBZ9SBYUOVA&symbol=GS HTTP/1.1" 200 None
2020-10-23 23:23:32,538 Starting new HTTPS connection (1): api.tdameritrade.com:443
2020-10-23 23:23:32,957 https://api.tdameritrade.com:443 "GET /v1/marketdata/chains?apikey=IMCCPZNM01UXWS3P6X9NLMBZ9SBYUOVA&symbol=SBUX HTTP/1.1" 200 None
2020-10-23 23:23:33,193 Starting new HTTPS connection (1): api.tdameritrade.com:443
2020-10-23 23:23:33,601 https://api.tdameritrade.com:443 "GET /v1/marketdata/chains?apikey=IMCCPZNM01UXWS3P6X9NLMBZ9SBYUOVA&symbol=QCOM HTTP/1.1" 200 None
2020-10-23 23:23:33,838 Starting new HTTPS connection (1): api.tdameritrade.com:443
2020-10-23 23:23:34,249 https://api.tdameritrade.com:443 "GET /v1/marketdata/chains?apikey=IMCCPZNM01UXWS3P6X9NLMBZ9SBYUOVA&symbol=DIA HTTP/1.1" 200 None
2020-10-23 23:23:34,607 Starting new HTTPS connection (1): api.tdameritrade.com:443
2020-10-23 23:23:34,963 https://api.tdameritrade.com:443 "GET /v1/marketdata/chains?apikey=IMCCPZNM01UXWS3P6X9NLMBZ9SBYUOVA&symbol=PYPL HTTP/1.1" 200 None
2020-10-23 23:23:35,322 Starting new HTTPS connection (1): api.tdameritrade.com:443
2020-10-23 23:23:35,758 https://api.tdameritrade.com:443 "GET /v1/marketdata/chains?apikey=IMCCPZNM01UXWS3P6X9NLMBZ9SBYUOVA&symbol=XOM HTTP/1.1" 200 None
2020-10-23 23:23:35,985 Starting new HTTPS connection (1): api.tdameritrade.com:443
2020-10-23 23:23:36,420 https://api.tdameritrade.com:443 "GET /v1/marketdata/chains?apikey=IMCCPZNM01UXWS3P6X9NLMBZ9SBYUOVA&symbol=GPS HTTP/1.1" 200 None
2020-10-23 23:23:36,705 Starting new HTTPS connection (1): api.tdameritrade.com:443
2020-10-23 23:23:37,124 https://api.tdameritrade.com:443 "GET /v1/marketdata/chains?apikey=IMCCPZNM01UXWS3P6X9NLMBZ9SBYUOVA&symbol=V HTTP/1.1" 200 None
2020-10-23 23:23:37,409 Starting new HTTPS connection (1): api.tdameritrade.com:443
2020-10-23 23:23:37,790 https://api.tdameritrade.com:443 "GET /v1/marketdata/chains?apikey=IMCCPZNM01UXWS3P6X9NLMBZ9SBYUOVA&symbol=ADBE HTTP/1.1" 200 None
2020-10-23 23:23:38,116 Starting new HTTPS connection (1): api.tdameritrade.com:443
2020-10-23 23:23:38,478 https://api.tdameritrade.com:443 "GET /v1/marketdata/chains?apikey=IMCCPZNM01UXWS3P6X9NLMBZ9SBYUOVA&symbol=MRNA HTTP/1.1" 200 None
2020-10-23 23:23:38,832 Starting new HTTPS connection (1): api.tdameritrade.com:443
2020-10-23 23:23:39,169 https://api.tdameritrade.com:443 "GET /v1/marketdata/chains?apikey=IMCCPZNM01UXWS3P6X9NLMBZ9SBYUOVA&symbol=C HTTP/1.1" 200 None
2020-10-23 23:23:39,436 Starting new HTTPS connection (1): api.tdameritrade.com:443
2020-10-23 23:23:39,774 https://api.tdameritrade.com:443 "GET /v1/marketdata/chains?apikey=IMCCPZNM01UXWS3P6X9NLMBZ9SBYUOVA&symbol=SPLK HTTP/1.1" 200 None
2020-10-23 23:23:40,101 Starting new HTTPS connection (1): api.tdameritrade.com:443
2020-10-23 23:23:40,483 https://api.tdameritrade.com:443 "GET /v1/marketdata/chains?apikey=IMCCPZNM01UXWS3P6X9NLMBZ9SBYUOVA&symbol=NCLH HTTP/1.1" 200 None
2020-10-23 23:23:40,729 Starting new HTTPS connection (1): api.tdameritrade.com:443
2020-10-23 23:23:41,095 https://api.tdameritrade.com:443 "GET /v1/marketdata/chains?apikey=IMCCPZNM01UXWS3P6X9NLMBZ9SBYUOVA&symbol=DG HTTP/1.1" 200 None
2020-10-23 23:23:41,412 Starting new HTTPS connection (1): api.tdameritrade.com:443
2020-10-23 23:23:41,851 https://api.tdameritrade.com:443 "GET /v1/marketdata/chains?apikey=IMCCPZNM01UXWS3P6X9NLMBZ9SBYUOVA&symbol=LOW HTTP/1.1" 200 None
2020-10-23 23:23:42,270 Starting new HTTPS connection (1): api.tdameritrade.com:443
2020-10-23 23:23:42,678 https://api.tdameritrade.com:443 "GET /v1/marketdata/chains?apikey=IMCCPZNM01UXWS3P6X9NLMBZ9SBYUOVA&symbol=WFC HTTP/1.1" 200 None
2020-10-23 23:23:43,005 Starting new HTTPS connection (1): api.tdameritrade.com:443
2020-10-23 23:23:43,386 https://api.tdameritrade.com:443 "GET /v1/marketdata/chains?apikey=IMCCPZNM01UXWS3P6X9NLMBZ9SBYUOVA&symbol=TGT HTTP/1.1" 200 None
2020-10-23 23:23:43,672 Starting new HTTPS connection (1): api.tdameritrade.com:443
2020-10-23 23:23:44,184 https://api.tdameritrade.com:443 "GET /v1/marketdata/chains?apikey=IMCCPZNM01UXWS3P6X9NLMBZ9SBYUOVA&symbol=GOOGL HTTP/1.1" 200 None
2020-10-23 23:23:44,848 Starting new HTTPS connection (1): api.tdameritrade.com:443
2020-10-23 23:23:45,218 https://api.tdameritrade.com:443 "GET /v1/marketdata/chains?apikey=IMCCPZNM01UXWS3P6X9NLMBZ9SBYUOVA&symbol=MU HTTP/1.1" 200 None
2020-10-23 23:23:45,511 Starting new HTTPS connection (1): api.tdameritrade.com:443
2020-10-23 23:23:45,881 https://api.tdameritrade.com:443 "GET /v1/marketdata/chains?apikey=IMCCPZNM01UXWS3P6X9NLMBZ9SBYUOVA&symbol=RCL HTTP/1.1" 200 None
2020-10-23 23:23:46,273 Starting new HTTPS connection (1): api.tdameritrade.com:443
2020-10-23 23:23:46,681 https://api.tdameritrade.com:443 "GET /v1/marketdata/chains?apikey=IMCCPZNM01UXWS3P6X9NLMBZ9SBYUOVA&symbol=WYNN HTTP/1.1" 200 None
2020-10-23 23:23:46,943 Starting new HTTPS connection (1): api.tdameritrade.com:443
2020-10-23 23:23:47,355 https://api.tdameritrade.com:443 "GET /v1/marketdata/chains?apikey=IMCCPZNM01UXWS3P6X9NLMBZ9SBYUOVA&symbol=MA HTTP/1.1" 200 None
2020-10-23 23:23:48,101 Starting new HTTPS connection (1): api.tdameritrade.com:443
2020-10-23 23:23:48,464 https://api.tdameritrade.com:443 "GET /v1/marketdata/chains?apikey=IMCCPZNM01UXWS3P6X9NLMBZ9SBYUOVA&symbol=JD HTTP/1.1" 200 None
2020-10-23 23:23:48,700 Starting new HTTPS connection (1): api.tdameritrade.com:443
2020-10-23 23:23:49,073 https://api.tdameritrade.com:443 "GET /v1/marketdata/chains?apikey=IMCCPZNM01UXWS3P6X9NLMBZ9SBYUOVA&symbol=ULTA HTTP/1.1" 200 None
2020-10-23 23:23:49,323 Starting new HTTPS connection (1): api.tdameritrade.com:443
2020-10-23 23:23:49,693 https://api.tdameritrade.com:443 "GET /v1/marketdata/chains?apikey=IMCCPZNM01UXWS3P6X9NLMBZ9SBYUOVA&symbol=MGM HTTP/1.1" 200 None
2020-10-23 23:23:49,908 Starting new HTTPS connection (1): api.tdameritrade.com:443
2020-10-23 23:23:50,380 https://api.tdameritrade.com:443 "GET /v1/marketdata/chains?apikey=IMCCPZNM01UXWS3P6X9NLMBZ9SBYUOVA&symbol=GOOG HTTP/1.1" 200 None
2020-10-23 23:23:50,929 Starting new HTTPS connection (1): api.tdameritrade.com:443
2020-10-23 23:23:51,311 https://api.tdameritrade.com:443 "GET /v1/marketdata/chains?apikey=IMCCPZNM01UXWS3P6X9NLMBZ9SBYUOVA&symbol=JNJ HTTP/1.1" 200 None
2020-10-23 23:23:51,629 Starting new HTTPS connection (1): api.tdameritrade.com:443
2020-10-23 23:23:52,016 https://api.tdameritrade.com:443 "GET /v1/marketdata/chains?apikey=IMCCPZNM01UXWS3P6X9NLMBZ9SBYUOVA&symbol=DLTR HTTP/1.1" 200 None
2020-10-23 23:23:52,293 Starting new HTTPS connection (1): api.tdameritrade.com:443
2020-10-23 23:23:52,698 https://api.tdameritrade.com:443 "GET /v1/marketdata/chains?apikey=IMCCPZNM01UXWS3P6X9NLMBZ9SBYUOVA&symbol=COST HTTP/1.1" 200 None
2020-10-23 23:23:53,017 Starting new HTTPS connection (1): api.tdameritrade.com:443
2020-10-23 23:23:53,395 https://api.tdameritrade.com:443 "GET /v1/marketdata/chains?apikey=IMCCPZNM01UXWS3P6X9NLMBZ9SBYUOVA&symbol=DOCU HTTP/1.1" 200 None
2020-10-23 23:23:53,826 Starting new HTTPS connection (1): api.tdameritrade.com:443
2020-10-23 23:23:54,202 https://api.tdameritrade.com:443 "GET /v1/marketdata/chains?apikey=IMCCPZNM01UXWS3P6X9NLMBZ9SBYUOVA&symbol=T HTTP/1.1" 200 None
2020-10-23 23:23:54,382 Starting new HTTPS connection (1): api.tdameritrade.com:443
2020-10-23 23:23:54,777 https://api.tdameritrade.com:443 "GET /v1/marketdata/chains?apikey=IMCCPZNM01UXWS3P6X9NLMBZ9SBYUOVA&symbol=LUV HTTP/1.1" 200 None
2020-10-23 23:23:55,010 Starting new HTTPS connection (1): api.tdameritrade.com:443
2020-10-23 23:23:55,394 https://api.tdameritrade.com:443 "GET /v1/marketdata/chains?apikey=IMCCPZNM01UXWS3P6X9NLMBZ9SBYUOVA&symbol=LULU HTTP/1.1" 200 None
2020-10-23 23:23:55,662 Starting new HTTPS connection (1): api.tdameritrade.com:443
2020-10-23 23:23:56,048 https://api.tdameritrade.com:443 "GET /v1/marketdata/chains?apikey=IMCCPZNM01UXWS3P6X9NLMBZ9SBYUOVA&symbol=AMAT HTTP/1.1" 200 None
2020-10-23 23:23:56,400 Starting new HTTPS connection (1): api.tdameritrade.com:443
2020-10-23 23:23:56,802 https://api.tdameritrade.com:443 "GET /v1/marketdata/chains?apikey=IMCCPZNM01UXWS3P6X9NLMBZ9SBYUOVA&symbol=GE HTTP/1.1" 200 None
2020-10-23 23:23:56,961 Starting new HTTPS connection (1): api.tdameritrade.com:443
2020-10-23 23:23:57,303 https://api.tdameritrade.com:443 "GET /v1/marketdata/chains?apikey=IMCCPZNM01UXWS3P6X9NLMBZ9SBYUOVA&symbol=UNH HTTP/1.1" 200 None
2020-10-23 23:23:57,702 Starting new HTTPS connection (1): api.tdameritrade.com:443
2020-10-23 23:23:58,075 https://api.tdameritrade.com:443 "GET /v1/marketdata/chains?apikey=IMCCPZNM01UXWS3P6X9NLMBZ9SBYUOVA&symbol=CSCO HTTP/1.1" 200 None
2020-10-23 23:23:58,380 Starting new HTTPS connection (1): api.tdameritrade.com:443
2020-10-23 23:23:58,730 https://api.tdameritrade.com:443 "GET /v1/marketdata/chains?apikey=IMCCPZNM01UXWS3P6X9NLMBZ9SBYUOVA&symbol=MCD HTTP/1.1" 200 None
2020-10-23 23:23:58,975 Starting new HTTPS connection (1): api.tdameritrade.com:443
2020-10-23 23:23:59,438 https://api.tdameritrade.com:443 "GET /v1/marketdata/chains?apikey=IMCCPZNM01UXWS3P6X9NLMBZ9SBYUOVA&symbol=PFE HTTP/1.1" 200 None
2020-10-23 23:23:59,736 Starting new HTTPS connection (1): api.tdameritrade.com:443
2020-10-23 23:24:00,106 https://api.tdameritrade.com:443 "GET /v1/marketdata/chains?apikey=IMCCPZNM01UXWS3P6X9NLMBZ9SBYUOVA&symbol=KO HTTP/1.1" 200 None
2020-10-23 23:24:00,301 Starting new HTTPS connection (1): api.tdameritrade.com:443
2020-10-23 23:24:00,767 https://api.tdameritrade.com:443 "GET /v1/marketdata/chains?apikey=IMCCPZNM01UXWS3P6X9NLMBZ9SBYUOVA&symbol=NKE HTTP/1.1" 200 None
2020-10-23 23:24:01,013 Starting new HTTPS connection (1): api.tdameritrade.com:443
2020-10-23 23:24:01,387 https://api.tdameritrade.com:443 "GET /v1/marketdata/chains?apikey=IMCCPZNM01UXWS3P6X9NLMBZ9SBYUOVA&symbol=VZ HTTP/1.1" 200 None
2020-10-23 23:24:01,520 Starting new HTTPS connection (1): api.tdameritrade.com:443
2020-10-23 23:24:01,885 https://api.tdameritrade.com:443 "GET /v1/marketdata/chains?apikey=IMCCPZNM01UXWS3P6X9NLMBZ9SBYUOVA&symbol=ATVI HTTP/1.1" 200 None
2020-10-23 23:24:02,206 Starting new HTTPS connection (1): api.tdameritrade.com:443
2020-10-23 23:24:02,558 https://api.tdameritrade.com:443 "GET /v1/marketdata/chains?apikey=IMCCPZNM01UXWS3P6X9NLMBZ9SBYUOVA&symbol=AXP HTTP/1.1" 200 None
2020-10-23 23:24:02,813 Starting new HTTPS connection (1): api.tdameritrade.com:443
2020-10-23 23:24:03,181 https://api.tdameritrade.com:443 "GET /v1/marketdata/chains?apikey=IMCCPZNM01UXWS3P6X9NLMBZ9SBYUOVA&symbol=IBM HTTP/1.1" 200 None
2020-10-23 23:24:03,438 Starting new HTTPS connection (1): api.tdameritrade.com:443
2020-10-23 23:24:03,777 https://api.tdameritrade.com:443 "GET /v1/marketdata/chains?apikey=IMCCPZNM01UXWS3P6X9NLMBZ9SBYUOVA&symbol=BBY HTTP/1.1" 200 None
2020-10-23 23:24:04,079 Starting new HTTPS connection (1): api.tdameritrade.com:443
2020-10-23 23:24:04,560 https://api.tdameritrade.com:443 "GET /v1/marketdata/chains?apikey=IMCCPZNM01UXWS3P6X9NLMBZ9SBYUOVA&symbol=CAT HTTP/1.1" 200 None
2020-10-23 23:24:04,837 Starting new HTTPS connection (1): api.tdameritrade.com:443
2020-10-23 23:24:05,258 https://api.tdameritrade.com:443 "GET /v1/marketdata/chains?apikey=IMCCPZNM01UXWS3P6X9NLMBZ9SBYUOVA&symbol=F HTTP/1.1" 200 None
2020-10-23 23:24:05,407 Starting new HTTPS connection (1): api.tdameritrade.com:443
2020-10-23 23:24:05,876 https://api.tdameritrade.com:443 "GET /v1/marketdata/chains?apikey=IMCCPZNM01UXWS3P6X9NLMBZ9SBYUOVA&symbol=UPS HTTP/1.1" 200 None
2020-10-23 23:24:06,179 Starting new HTTPS connection (1): api.tdameritrade.com:443
2020-10-23 23:24:06,633 https://api.tdameritrade.com:443 "GET /v1/marketdata/chains?apikey=IMCCPZNM01UXWS3P6X9NLMBZ9SBYUOVA&symbol=HPQ HTTP/1.1" 200 None
2020-10-23 23:24:06,776 Starting new HTTPS connection (1): api.tdameritrade.com:443
2020-10-23 23:24:07,161 https://api.tdameritrade.com:443 "GET /v1/marketdata/chains?apikey=IMCCPZNM01UXWS3P6X9NLMBZ9SBYUOVA&symbol=CVS HTTP/1.1" 200 None
2020-10-23 23:24:07,433 Starting new HTTPS connection (1): api.tdameritrade.com:443
2020-10-23 23:24:07,793 https://api.tdameritrade.com:443 "GET /v1/marketdata/chains?apikey=IMCCPZNM01UXWS3P6X9NLMBZ9SBYUOVA&symbol=FDX HTTP/1.1" 200 None
2020-10-23 23:24:08,086 Starting new HTTPS connection (1): api.tdameritrade.com:443
2020-10-23 23:24:08,497 https://api.tdameritrade.com:443 "GET /v1/marketdata/chains?apikey=IMCCPZNM01UXWS3P6X9NLMBZ9SBYUOVA&symbol=OXY HTTP/1.1" 200 None
2020-10-23 23:24:08,721 Starting new HTTPS connection (1): api.tdameritrade.com:443
2020-10-23 23:24:09,082 https://api.tdameritrade.com:443 "GET /v1/marketdata/chains?apikey=IMCCPZNM01UXWS3P6X9NLMBZ9SBYUOVA&symbol=MS HTTP/1.1" 200 None
2020-10-23 23:24:09,305 Starting new HTTPS connection (1): api.tdameritrade.com:443
2020-10-23 23:24:09,790 https://api.tdameritrade.com:443 "GET /v1/marketdata/chains?apikey=IMCCPZNM01UXWS3P6X9NLMBZ9SBYUOVA&symbol=AMGN HTTP/1.1" 200 None
2020-10-23 23:24:10,193 Starting new HTTPS connection (1): api.tdameritrade.com:443
2020-10-23 23:24:10,654 https://api.tdameritrade.com:443 "GET /v1/marketdata/chains?apikey=IMCCPZNM01UXWS3P6X9NLMBZ9SBYUOVA&symbol=GILD HTTP/1.1" 200 None
2020-10-23 23:24:10,907 Starting new HTTPS connection (1): api.tdameritrade.com:443
2020-10-23 23:24:11,355 https://api.tdameritrade.com:443 "GET /v1/marketdata/chains?apikey=IMCCPZNM01UXWS3P6X9NLMBZ9SBYUOVA&symbol=MMM HTTP/1.1" 200 None
2020-10-23 23:24:11,602 Starting new HTTPS connection (1): api.tdameritrade.com:443
2020-10-23 23:24:12,018 https://api.tdameritrade.com:443 "GET /v1/marketdata/chains?apikey=IMCCPZNM01UXWS3P6X9NLMBZ9SBYUOVA&symbol=MAR HTTP/1.1" 200 None
2020-10-23 23:24:12,419 Starting new HTTPS connection (1): api.tdameritrade.com:443
2020-10-23 23:24:12,792 https://api.tdameritrade.com:443 "GET /v1/marketdata/chains?apikey=IMCCPZNM01UXWS3P6X9NLMBZ9SBYUOVA&symbol=BIDU HTTP/1.1" 200 None
2020-10-23 23:24:13,053 Starting new HTTPS connection (1): api.tdameritrade.com:443
2020-10-23 23:24:13,477 https://api.tdameritrade.com:443 "GET /v1/marketdata/chains?apikey=IMCCPZNM01UXWS3P6X9NLMBZ9SBYUOVA&symbol=ABBV HTTP/1.1" 200 None
2020-10-23 23:24:13,858 Starting new HTTPS connection (1): api.tdameritrade.com:443
2020-10-23 23:24:14,203 https://api.tdameritrade.com:443 "GET /v1/marketdata/chains?apikey=IMCCPZNM01UXWS3P6X9NLMBZ9SBYUOVA&symbol=MRK HTTP/1.1" 200 None
2020-10-23 23:24:14,560 Starting new HTTPS connection (1): api.tdameritrade.com:443
2020-10-23 23:24:15,055 https://api.tdameritrade.com:443 "GET /v1/marketdata/chains?apikey=IMCCPZNM01UXWS3P6X9NLMBZ9SBYUOVA&symbol=LRCX HTTP/1.1" 200 None
2020-10-23 23:24:15,368 Starting new HTTPS connection (1): api.tdameritrade.com:443
2020-10-23 23:24:15,918 https://api.tdameritrade.com:443 "GET /v1/marketdata/chains?apikey=IMCCPZNM01UXWS3P6X9NLMBZ9SBYUOVA&symbol=PG HTTP/1.1" 200 None
2020-10-23 23:24:16,227 Starting new HTTPS connection (1): api.tdameritrade.com:443
2020-10-23 23:24:16,595 https://api.tdameritrade.com:443 "GET /v1/marketdata/chains?apikey=IMCCPZNM01UXWS3P6X9NLMBZ9SBYUOVA&symbol=FCX HTTP/1.1" 200 None
2020-10-23 23:24:16,757 Starting new HTTPS connection (1): api.tdameritrade.com:443
2020-10-23 23:24:17,096 https://api.tdameritrade.com:443 "GET /v1/marketdata/chains?apikey=IMCCPZNM01UXWS3P6X9NLMBZ9SBYUOVA&symbol=PEP HTTP/1.1" 200 None
2020-10-23 23:24:17,340 Starting new HTTPS connection (1): api.tdameritrade.com:443
2020-10-23 23:24:17,734 https://api.tdameritrade.com:443 "GET /v1/marketdata/chains?apikey=IMCCPZNM01UXWS3P6X9NLMBZ9SBYUOVA&symbol=MDT HTTP/1.1" 200 None
2020-10-23 23:24:17,970 Starting new HTTPS connection (1): api.tdameritrade.com:443
2020-10-23 23:24:18,427 https://api.tdameritrade.com:443 "GET /v1/marketdata/chains?apikey=IMCCPZNM01UXWS3P6X9NLMBZ9SBYUOVA&symbol=VIAC HTTP/1.1" 200 None
2020-10-23 23:24:18,664 Starting new HTTPS connection (1): api.tdameritrade.com:443
2020-10-23 23:24:20,122 https://api.tdameritrade.com:443 "GET /v1/marketdata/chains?apikey=IMCCPZNM01UXWS3P6X9NLMBZ9SBYUOVA&symbol=CVX HTTP/1.1" 200 None
2020-10-23 23:24:20,735 Starting new HTTPS connection (1): api.tdameritrade.com:443
2020-10-23 23:24:21,257 https://api.tdameritrade.com:443 "GET /v1/marketdata/chains?apikey=IMCCPZNM01UXWS3P6X9NLMBZ9SBYUOVA&symbol=RTX HTTP/1.1" 200 None
2020-10-23 23:24:21,595 Starting new HTTPS connection (1): api.tdameritrade.com:443
2020-10-23 23:24:21,948 https://api.tdameritrade.com:443 "GET /v1/marketdata/chains?apikey=IMCCPZNM01UXWS3P6X9NLMBZ9SBYUOVA&symbol=LVS HTTP/1.1" 200 None
2020-10-23 23:24:22,178 Starting new HTTPS connection (1): api.tdameritrade.com:443
2020-10-23 23:24:22,545 https://api.tdameritrade.com:443 "GET /v1/marketdata/chains?apikey=IMCCPZNM01UXWS3P6X9NLMBZ9SBYUOVA&symbol=GM HTTP/1.1" 200 None
2020-10-23 23:24:22,804 Starting new HTTPS connection (1): api.tdameritrade.com:443
2020-10-23 23:24:23,163 https://api.tdameritrade.com:443 "GET /v1/marketdata/chains?apikey=IMCCPZNM01UXWS3P6X9NLMBZ9SBYUOVA&symbol=WDC HTTP/1.1" 200 None
2020-10-23 23:24:23,370 Starting new HTTPS connection (1): api.tdameritrade.com:443
2020-10-23 23:24:23,731 https://api.tdameritrade.com:443 "GET /v1/marketdata/chains?apikey=IMCCPZNM01UXWS3P6X9NLMBZ9SBYUOVA&symbol=KR HTTP/1.1" 200 None
2020-10-23 23:24:24,016 Starting new HTTPS connection (1): api.tdameritrade.com:443
2020-10-23 23:24:24,462 https://api.tdameritrade.com:443 "GET /v1/marketdata/chains?apikey=IMCCPZNM01UXWS3P6X9NLMBZ9SBYUOVA&symbol=EBAY HTTP/1.1" 200 None
2020-10-23 23:24:24,676 Starting new HTTPS connection (1): api.tdameritrade.com:443
2020-10-23 23:24:25,064 https://api.tdameritrade.com:443 "GET /v1/marketdata/chains?apikey=IMCCPZNM01UXWS3P6X9NLMBZ9SBYUOVA&symbol=NOW HTTP/1.1" 200 None
2020-10-23 23:24:25,380 Starting new HTTPS connection (1): api.tdameritrade.com:443
2020-10-23 23:24:25,758 https://api.tdameritrade.com:443 "GET /v1/marketdata/chains?apikey=IMCCPZNM01UXWS3P6X9NLMBZ9SBYUOVA&symbol=BMY HTTP/1.1" 200 None
2020-10-23 23:24:25,927 Starting new HTTPS connection (1): api.tdameritrade.com:443
2020-10-23 23:24:26,268 https://api.tdameritrade.com:443 "GET /v1/marketdata/chains?apikey=IMCCPZNM01UXWS3P6X9NLMBZ9SBYUOVA&symbol=AVGO HTTP/1.1" 200 None
2020-10-23 23:24:26,842 Starting new HTTPS connection (1): api.tdameritrade.com:443
2020-10-23 23:24:27,401 https://api.tdameritrade.com:443 "GET /v1/marketdata/chains?apikey=IMCCPZNM01UXWS3P6X9NLMBZ9SBYUOVA&symbol=CMCSA HTTP/1.1" 200 None
2020-10-23 23:24:27,576 Starting new HTTPS connection (1): api.tdameritrade.com:443
2020-10-23 23:24:28,142 https://api.tdameritrade.com:443 "GET /v1/marketdata/chains?apikey=IMCCPZNM01UXWS3P6X9NLMBZ9SBYUOVA&symbol=CMG HTTP/1.1" 200 None
2020-10-23 23:24:28,634 Starting new HTTPS connection (1): api.tdameritrade.com:443
2020-10-23 23:24:28,972 https://api.tdameritrade.com:443 "GET /v1/marketdata/chains?apikey=IMCCPZNM01UXWS3P6X9NLMBZ9SBYUOVA&symbol=KSS HTTP/1.1" 200 None
2020-10-23 23:24:29,164 Starting new HTTPS connection (1): api.tdameritrade.com:443
2020-10-23 23:24:29,562 https://api.tdameritrade.com:443 "GET /v1/marketdata/chains?apikey=IMCCPZNM01UXWS3P6X9NLMBZ9SBYUOVA&symbol=MO HTTP/1.1" 200 None
2020-10-23 23:24:29,759 Starting new HTTPS connection (1): api.tdameritrade.com:443
2020-10-23 23:24:30,146 https://api.tdameritrade.com:443 "GET /v1/marketdata/chains?apikey=IMCCPZNM01UXWS3P6X9NLMBZ9SBYUOVA&symbol=NEM HTTP/1.1" 200 None
2020-10-23 23:24:30,416 Starting new HTTPS connection (1): api.tdameritrade.com:443
2020-10-23 23:24:30,890 https://api.tdameritrade.com:443 "GET /v1/marketdata/chains?apikey=IMCCPZNM01UXWS3P6X9NLMBZ9SBYUOVA&symbol=DE HTTP/1.1" 200 None
2020-10-23 23:24:31,222 Starting new HTTPS connection (1): api.tdameritrade.com:443
2020-10-23 23:24:31,610 https://api.tdameritrade.com:443 "GET /v1/marketdata/chains?apikey=IMCCPZNM01UXWS3P6X9NLMBZ9SBYUOVA&symbol=KHC HTTP/1.1" 200 None
2020-10-23 23:24:31,833 Starting new HTTPS connection (1): api.tdameritrade.com:443
2020-10-23 23:24:32,289 https://api.tdameritrade.com:443 "GET /v1/marketdata/chains?apikey=IMCCPZNM01UXWS3P6X9NLMBZ9SBYUOVA&symbol=HYG HTTP/1.1" 200 None
2020-10-23 23:24:33,044 Starting new HTTPS connection (1): api.tdameritrade.com:443
2020-10-23 23:24:33,445 https://api.tdameritrade.com:443 "GET /v1/marketdata/chains?apikey=IMCCPZNM01UXWS3P6X9NLMBZ9SBYUOVA&symbol=SPG HTTP/1.1" 200 None
2020-10-23 23:24:33,547 Starting new HTTPS connection (1): api.tdameritrade.com:443
2020-10-23 23:24:33,869 https://api.tdameritrade.com:443 "GET /v1/marketdata/chains?apikey=IMCCPZNM01UXWS3P6X9NLMBZ9SBYUOVA&symbol=VLO HTTP/1.1" 200 None
2020-10-23 23:24:34,041 Starting new HTTPS connection (1): api.tdameritrade.com:443
2020-10-23 23:24:34,411 https://api.tdameritrade.com:443 "GET /v1/marketdata/chains?apikey=IMCCPZNM01UXWS3P6X9NLMBZ9SBYUOVA&symbol=WBA HTTP/1.1" 200 None
2020-10-23 23:24:34,574 Starting new HTTPS connection (1): api.tdameritrade.com:443
2020-10-23 23:24:34,908 https://api.tdameritrade.com:443 "GET /v1/marketdata/chains?apikey=IMCCPZNM01UXWS3P6X9NLMBZ9SBYUOVA&symbol=DHI HTTP/1.1" 200 None
2020-10-23 23:24:35,149 Starting new HTTPS connection (1): api.tdameritrade.com:443
2020-10-23 23:24:35,481 https://api.tdameritrade.com:443 "GET /v1/marketdata/chains?apikey=IMCCPZNM01UXWS3P6X9NLMBZ9SBYUOVA&symbol=USB HTTP/1.1" 200 None
2020-10-23 23:24:35,792 Starting new HTTPS connection (1): api.tdameritrade.com:443
2020-10-23 23:24:36,213 https://api.tdameritrade.com:443 "GET /v1/marketdata/chains?apikey=IMCCPZNM01UXWS3P6X9NLMBZ9SBYUOVA&symbol=COP HTTP/1.1" 200 None
2020-10-23 23:24:36,423 Starting new HTTPS connection (1): api.tdameritrade.com:443
2020-10-23 23:24:36,760 https://api.tdameritrade.com:443 "GET /v1/marketdata/chains?apikey=IMCCPZNM01UXWS3P6X9NLMBZ9SBYUOVA&symbol=HAL HTTP/1.1" 200 None
2020-10-23 23:24:36,980 Starting new HTTPS connection (1): api.tdameritrade.com:443
2020-10-23 23:24:37,336 https://api.tdameritrade.com:443 "GET /v1/marketdata/chains?apikey=IMCCPZNM01UXWS3P6X9NLMBZ9SBYUOVA&symbol=MRO HTTP/1.1" 200 None
2020-10-23 23:24:37,424 Starting new HTTPS connection (1): api.tdameritrade.com:443
2020-10-23 23:24:37,792 https://api.tdameritrade.com:443 "GET /v1/marketdata/chains?apikey=IMCCPZNM01UXWS3P6X9NLMBZ9SBYUOVA&symbol=FISV HTTP/1.1" 200 None
2020-10-23 23:24:38,087 Starting new HTTPS connection (1): api.tdameritrade.com:443
2020-10-23 23:24:38,430 https://api.tdameritrade.com:443 "GET /v1/marketdata/chains?apikey=IMCCPZNM01UXWS3P6X9NLMBZ9SBYUOVA&symbol=AIG HTTP/1.1" 200 None
2020-10-23 23:24:38,766 Starting new HTTPS connection (1): api.tdameritrade.com:443
2020-10-23 23:24:39,087 https://api.tdameritrade.com:443 "GET /v1/marketdata/chains?apikey=IMCCPZNM01UXWS3P6X9NLMBZ9SBYUOVA&symbol=SLB HTTP/1.1" 200 None
2020-10-23 23:24:39,346 Starting new HTTPS connection (1): api.tdameritrade.com:443
2020-10-23 23:24:39,781 https://api.tdameritrade.com:443 "GET /v1/marketdata/chains?apikey=IMCCPZNM01UXWS3P6X9NLMBZ9SBYUOVA&symbol=SO HTTP/1.1" 200 None
2020-10-23 23:24:39,999 Starting new HTTPS connection (1): api.tdameritrade.com:443
2020-10-23 23:24:40,347 https://api.tdameritrade.com:443 "GET /v1/marketdata/chains?apikey=IMCCPZNM01UXWS3P6X9NLMBZ9SBYUOVA&symbol=LEN HTTP/1.1" 200 None
2020-10-23 23:24:40,590 Starting new HTTPS connection (1): api.tdameritrade.com:443
2020-10-23 23:24:41,033 https://api.tdameritrade.com:443 "GET /v1/marketdata/chains?apikey=IMCCPZNM01UXWS3P6X9NLMBZ9SBYUOVA&symbol=LB HTTP/1.1" 200 None
2020-10-23 23:24:41,200 Starting new HTTPS connection (1): api.tdameritrade.com:443
2020-10-23 23:24:41,657 https://api.tdameritrade.com:443 "GET /v1/marketdata/chains?apikey=IMCCPZNM01UXWS3P6X9NLMBZ9SBYUOVA&symbol=TJX HTTP/1.1" 200 None
2020-10-23 23:24:41,990 Starting new HTTPS connection (1): api.tdameritrade.com:443
2020-10-23 23:24:42,332 https://api.tdameritrade.com:443 "GET /v1/marketdata/chains?apikey=IMCCPZNM01UXWS3P6X9NLMBZ9SBYUOVA&symbol=DPZ HTTP/1.1" 200 None
2020-10-23 23:24:42,627 Starting new HTTPS connection (1): api.tdameritrade.com:443
2020-10-23 23:24:43,092 https://api.tdameritrade.com:443 "GET /v1/marketdata/chains?apikey=IMCCPZNM01UXWS3P6X9NLMBZ9SBYUOVA&symbol=KEYS HTTP/1.1" 200 None
2020-10-23 23:24:43,189 Starting new HTTPS connection (1): api.tdameritrade.com:443
2020-10-23 23:24:43,554 https://api.tdameritrade.com:443 "GET /v1/marketdata/chains?apikey=IMCCPZNM01UXWS3P6X9NLMBZ9SBYUOVA&symbol=EL HTTP/1.1" 200 None
2020-10-23 23:24:43,676 Starting new HTTPS connection (1): api.tdameritrade.com:443
2020-10-23 23:24:44,097 https://api.tdameritrade.com:443 "GET /v1/marketdata/chains?apikey=IMCCPZNM01UXWS3P6X9NLMBZ9SBYUOVA&symbol=JNK HTTP/1.1" 200 None
2020-10-23 23:24:59,856 132 symbols uploaded, 0 failed:110.75401282310486 seconds elapsed
2020-10-24 10:19:44,212 2020-10-24 10:19:44:Started
2020-10-24 10:19:44,232 Starting new HTTPS connection (1): api.tdameritrade.com:443
2020-10-24 10:19:44,838 https://api.tdameritrade.com:443 "GET /v1/marketdata/chains?apikey=IMCCPZNM01UXWS3P6X9NLMBZ9SBYUOVA&symbol=SPY HTTP/1.1" 200 None
2020-10-24 10:19:45,636 Starting new HTTPS connection (1): api.tdameritrade.com:443
2020-10-24 10:19:46,063 https://api.tdameritrade.com:443 "GET /v1/marketdata/chains?apikey=IMCCPZNM01UXWS3P6X9NLMBZ9SBYUOVA&symbol=AAPL HTTP/1.1" 200 None
2020-10-24 10:19:46,478 Starting new HTTPS connection (1): api.tdameritrade.com:443
2020-10-24 10:19:47,039 https://api.tdameritrade.com:443 "GET /v1/marketdata/chains?apikey=IMCCPZNM01UXWS3P6X9NLMBZ9SBYUOVA&symbol=TSLA HTTP/1.1" 200 None
2020-10-24 10:19:47,694 Starting new HTTPS connection (1): api.tdameritrade.com:443
2020-10-24 10:19:48,176 https://api.tdameritrade.com:443 "GET /v1/marketdata/chains?apikey=IMCCPZNM01UXWS3P6X9NLMBZ9SBYUOVA&symbol=AMZN HTTP/1.1" 200 None
2020-10-24 10:19:48,885 Starting new HTTPS connection (1): api.tdameritrade.com:443
2020-10-24 10:19:49,429 https://api.tdameritrade.com:443 "GET /v1/marketdata/chains?apikey=IMCCPZNM01UXWS3P6X9NLMBZ9SBYUOVA&symbol=QQQ HTTP/1.1" 200 None
2020-10-24 10:19:50,074 Starting new HTTPS connection (1): api.tdameritrade.com:443
2020-10-24 10:19:50,421 https://api.tdameritrade.com:443 "GET /v1/marketdata/chains?apikey=IMCCPZNM01UXWS3P6X9NLMBZ9SBYUOVA&symbol=AMD HTTP/1.1" 200 None
2020-10-24 10:19:50,984 Starting new HTTPS connection (1): api.tdameritrade.com:443
2020-10-24 10:19:51,361 https://api.tdameritrade.com:443 "GET /v1/marketdata/chains?apikey=IMCCPZNM01UXWS3P6X9NLMBZ9SBYUOVA&symbol=NVDA HTTP/1.1" 200 None
2020-10-24 10:19:51,932 Starting new HTTPS connection (1): api.tdameritrade.com:443
2020-10-24 10:19:52,346 https://api.tdameritrade.com:443 "GET /v1/marketdata/chains?apikey=IMCCPZNM01UXWS3P6X9NLMBZ9SBYUOVA&symbol=MSFT HTTP/1.1" 200 None
2020-10-24 10:19:52,656 Starting new HTTPS connection (1): api.tdameritrade.com:443
2020-10-24 10:19:53,021 https://api.tdameritrade.com:443 "GET /v1/marketdata/chains?apikey=IMCCPZNM01UXWS3P6X9NLMBZ9SBYUOVA&symbol=WMT HTTP/1.1" 200 None
2020-10-24 10:19:53,256 Starting new HTTPS connection (1): api.tdameritrade.com:443
2020-10-24 10:19:53,758 https://api.tdameritrade.com:443 "GET /v1/marketdata/chains?apikey=IMCCPZNM01UXWS3P6X9NLMBZ9SBYUOVA&symbol=FB HTTP/1.1" 200 None
2020-10-24 10:19:54,159 Starting new HTTPS connection (1): api.tdameritrade.com:443
2020-10-24 10:19:54,528 https://api.tdameritrade.com:443 "GET /v1/marketdata/chains?apikey=IMCCPZNM01UXWS3P6X9NLMBZ9SBYUOVA&symbol=VXX HTTP/1.1" 200 None
2020-10-24 10:19:54,794 Starting new HTTPS connection (1): api.tdameritrade.com:443
2020-10-24 10:19:55,285 https://api.tdameritrade.com:443 "GET /v1/marketdata/chains?apikey=IMCCPZNM01UXWS3P6X9NLMBZ9SBYUOVA&symbol=NFLX HTTP/1.1" 200 None
2020-10-24 10:19:55,734 Starting new HTTPS connection (1): api.tdameritrade.com:443
2020-10-24 10:19:56,114 https://api.tdameritrade.com:443 "GET /v1/marketdata/chains?apikey=IMCCPZNM01UXWS3P6X9NLMBZ9SBYUOVA&symbol=BA HTTP/1.1" 200 None
2020-10-24 10:19:56,499 Starting new HTTPS connection (1): api.tdameritrade.com:443
2020-10-24 10:19:56,884 https://api.tdameritrade.com:443 "GET /v1/marketdata/chains?apikey=IMCCPZNM01UXWS3P6X9NLMBZ9SBYUOVA&symbol=CRM HTTP/1.1" 200 None
2020-10-24 10:19:57,289 Starting new HTTPS connection (1): api.tdameritrade.com:443
2020-10-24 10:19:57,628 https://api.tdameritrade.com:443 "GET /v1/marketdata/chains?apikey=IMCCPZNM01UXWS3P6X9NLMBZ9SBYUOVA&symbol=DIS HTTP/1.1" 200 None
2020-10-24 10:19:57,924 Starting new HTTPS connection (1): api.tdameritrade.com:443
2020-10-24 10:19:58,360 https://api.tdameritrade.com:443 "GET /v1/marketdata/chains?apikey=IMCCPZNM01UXWS3P6X9NLMBZ9SBYUOVA&symbol=ABT HTTP/1.1" 200 None
2020-10-24 10:19:58,477 Starting new HTTPS connection (1): api.tdameritrade.com:443
2020-10-24 10:19:58,880 https://api.tdameritrade.com:443 "GET /v1/marketdata/chains?apikey=IMCCPZNM01UXWS3P6X9NLMBZ9SBYUOVA&symbol=JPM HTTP/1.1" 200 None
2020-10-24 10:19:59,270 Starting new HTTPS connection (1): api.tdameritrade.com:443
2020-10-24 10:19:59,695 https://api.tdameritrade.com:443 "GET /v1/marketdata/chains?apikey=IMCCPZNM01UXWS3P6X9NLMBZ9SBYUOVA&symbol=AAL HTTP/1.1" 200 None
2020-10-24 10:19:59,866 Starting new HTTPS connection (1): api.tdameritrade.com:443
2020-10-24 10:20:00,235 https://api.tdameritrade.com:443 "GET /v1/marketdata/chains?apikey=IMCCPZNM01UXWS3P6X9NLMBZ9SBYUOVA&symbol=ORCL HTTP/1.1" 200 None
2020-10-24 10:20:00,436 Starting new HTTPS connection (1): api.tdameritrade.com:443
2020-10-24 10:20:00,814 https://api.tdameritrade.com:443 "GET /v1/marketdata/chains?apikey=IMCCPZNM01UXWS3P6X9NLMBZ9SBYUOVA&symbol=BAC HTTP/1.1" 200 None
2020-10-24 10:20:01,018 Starting new HTTPS connection (1): api.tdameritrade.com:443
2020-10-24 10:20:01,469 https://api.tdameritrade.com:443 "GET /v1/marketdata/chains?apikey=IMCCPZNM01UXWS3P6X9NLMBZ9SBYUOVA&symbol=ZM HTTP/1.1" 200 None
2020-10-24 10:20:01,827 Starting new HTTPS connection (1): api.tdameritrade.com:443
2020-10-24 10:20:02,351 https://api.tdameritrade.com:443 "GET /v1/marketdata/chains?apikey=IMCCPZNM01UXWS3P6X9NLMBZ9SBYUOVA&symbol=IWM HTTP/1.1" 200 None
2020-10-24 10:20:02,684 Starting new HTTPS connection (1): api.tdameritrade.com:443
2020-10-24 10:20:03,041 https://api.tdameritrade.com:443 "GET /v1/marketdata/chains?apikey=IMCCPZNM01UXWS3P6X9NLMBZ9SBYUOVA&symbol=CCL HTTP/1.1" 200 None
2020-10-24 10:20:03,168 Starting new HTTPS connection (1): api.tdameritrade.com:443
2020-10-24 10:20:03,564 https://api.tdameritrade.com:443 "GET /v1/marketdata/chains?apikey=IMCCPZNM01UXWS3P6X9NLMBZ9SBYUOVA&symbol=HD HTTP/1.1" 200 None
2020-10-24 10:20:03,917 Starting new HTTPS connection (1): api.tdameritrade.com:443
2020-10-24 10:20:04,275 https://api.tdameritrade.com:443 "GET /v1/marketdata/chains?apikey=IMCCPZNM01UXWS3P6X9NLMBZ9SBYUOVA&symbol=INTC HTTP/1.1" 200 None
2020-10-24 10:20:04,517 Starting new HTTPS connection (1): api.tdameritrade.com:443
2020-10-24 10:20:04,896 https://api.tdameritrade.com:443 "GET /v1/marketdata/chains?apikey=IMCCPZNM01UXWS3P6X9NLMBZ9SBYUOVA&symbol=UAL HTTP/1.1" 200 None
2020-10-24 10:20:05,063 Starting new HTTPS connection (1): api.tdameritrade.com:443
2020-10-24 10:20:05,422 https://api.tdameritrade.com:443 "GET /v1/marketdata/chains?apikey=IMCCPZNM01UXWS3P6X9NLMBZ9SBYUOVA&symbol=DAL HTTP/1.1" 200 None
2020-10-24 10:20:05,596 Starting new HTTPS connection (1): api.tdameritrade.com:443
2020-10-24 10:20:05,936 https://api.tdameritrade.com:443 "GET /v1/marketdata/chains?apikey=IMCCPZNM01UXWS3P6X9NLMBZ9SBYUOVA&symbol=TWTR HTTP/1.1" 200 None
2020-10-24 10:20:06,222 Starting new HTTPS connection (1): api.tdameritrade.com:443
2020-10-24 10:20:06,572 https://api.tdameritrade.com:443 "GET /v1/marketdata/chains?apikey=IMCCPZNM01UXWS3P6X9NLMBZ9SBYUOVA&symbol=GS HTTP/1.1" 200 None
2020-10-24 10:20:06,857 Starting new HTTPS connection (1): api.tdameritrade.com:443
2020-10-24 10:20:07,287 https://api.tdameritrade.com:443 "GET /v1/marketdata/chains?apikey=IMCCPZNM01UXWS3P6X9NLMBZ9SBYUOVA&symbol=SBUX HTTP/1.1" 200 None
2020-10-24 10:20:07,523 Starting new HTTPS connection (1): api.tdameritrade.com:443
2020-10-24 10:20:07,902 https://api.tdameritrade.com:443 "GET /v1/marketdata/chains?apikey=IMCCPZNM01UXWS3P6X9NLMBZ9SBYUOVA&symbol=QCOM HTTP/1.1" 200 None
2020-10-24 10:20:08,136 Starting new HTTPS connection (1): api.tdameritrade.com:443
2020-10-24 10:20:08,537 https://api.tdameritrade.com:443 "GET /v1/marketdata/chains?apikey=IMCCPZNM01UXWS3P6X9NLMBZ9SBYUOVA&symbol=DIA HTTP/1.1" 200 None
2020-10-24 10:20:08,942 Starting new HTTPS connection (1): api.tdameritrade.com:443
2020-10-24 10:20:09,342 https://api.tdameritrade.com:443 "GET /v1/marketdata/chains?apikey=IMCCPZNM01UXWS3P6X9NLMBZ9SBYUOVA&symbol=PYPL HTTP/1.1" 200 None
2020-10-24 10:20:09,601 Starting new HTTPS connection (1): api.tdameritrade.com:443
2020-10-24 10:20:09,992 https://api.tdameritrade.com:443 "GET /v1/marketdata/chains?apikey=IMCCPZNM01UXWS3P6X9NLMBZ9SBYUOVA&symbol=XOM HTTP/1.1" 200 None
2020-10-24 10:20:10,172 Starting new HTTPS connection (1): api.tdameritrade.com:443
2020-10-24 10:20:10,496 https://api.tdameritrade.com:443 "GET /v1/marketdata/chains?apikey=IMCCPZNM01UXWS3P6X9NLMBZ9SBYUOVA&symbol=GPS HTTP/1.1" 200 None
2020-10-24 10:20:10,655 Starting new HTTPS connection (1): api.tdameritrade.com:443
2020-10-24 10:20:11,027 https://api.tdameritrade.com:443 "GET /v1/marketdata/chains?apikey=IMCCPZNM01UXWS3P6X9NLMBZ9SBYUOVA&symbol=V HTTP/1.1" 200 None
2020-10-24 10:20:11,258 Starting new HTTPS connection (1): api.tdameritrade.com:443
2020-10-24 10:20:11,733 https://api.tdameritrade.com:443 "GET /v1/marketdata/chains?apikey=IMCCPZNM01UXWS3P6X9NLMBZ9SBYUOVA&symbol=ADBE HTTP/1.1" 200 None
2020-10-24 10:20:12,050 Starting new HTTPS connection (1): api.tdameritrade.com:443
2020-10-24 10:20:12,379 https://api.tdameritrade.com:443 "GET /v1/marketdata/chains?apikey=IMCCPZNM01UXWS3P6X9NLMBZ9SBYUOVA&symbol=MRNA HTTP/1.1" 200 None
2020-10-24 10:20:12,623 Starting new HTTPS connection (1): api.tdameritrade.com:443
2020-10-24 10:20:12,979 https://api.tdameritrade.com:443 "GET /v1/marketdata/chains?apikey=IMCCPZNM01UXWS3P6X9NLMBZ9SBYUOVA&symbol=C HTTP/1.1" 200 None
2020-10-24 10:20:13,213 Starting new HTTPS connection (1): api.tdameritrade.com:443
2020-10-24 10:20:13,552 https://api.tdameritrade.com:443 "GET /v1/marketdata/chains?apikey=IMCCPZNM01UXWS3P6X9NLMBZ9SBYUOVA&symbol=SPLK HTTP/1.1" 200 None
2020-10-24 10:20:13,868 Starting new HTTPS connection (1): api.tdameritrade.com:443
2020-10-24 10:20:14,245 https://api.tdameritrade.com:443 "GET /v1/marketdata/chains?apikey=IMCCPZNM01UXWS3P6X9NLMBZ9SBYUOVA&symbol=NCLH HTTP/1.1" 200 None
2020-10-24 10:20:14,423 Starting new HTTPS connection (1): api.tdameritrade.com:443
2020-10-24 10:20:14,764 https://api.tdameritrade.com:443 "GET /v1/marketdata/chains?apikey=IMCCPZNM01UXWS3P6X9NLMBZ9SBYUOVA&symbol=DG HTTP/1.1" 200 None
2020-10-24 10:20:15,000 Starting new HTTPS connection (1): api.tdameritrade.com:443
2020-10-24 10:20:15,377 https://api.tdameritrade.com:443 "GET /v1/marketdata/chains?apikey=IMCCPZNM01UXWS3P6X9NLMBZ9SBYUOVA&symbol=LOW HTTP/1.1" 200 None
2020-10-24 10:20:15,540 Starting new HTTPS connection (1): api.tdameritrade.com:443
2020-10-24 10:20:15,863 https://api.tdameritrade.com:443 "GET /v1/marketdata/chains?apikey=IMCCPZNM01UXWS3P6X9NLMBZ9SBYUOVA&symbol=WFC HTTP/1.1" 200 None
2020-10-24 10:20:16,079 Starting new HTTPS connection (1): api.tdameritrade.com:443
2020-10-24 10:20:16,443 https://api.tdameritrade.com:443 "GET /v1/marketdata/chains?apikey=IMCCPZNM01UXWS3P6X9NLMBZ9SBYUOVA&symbol=TGT HTTP/1.1" 200 None
2020-10-24 10:20:16,669 Starting new HTTPS connection (1): api.tdameritrade.com:443
2020-10-24 10:20:17,208 https://api.tdameritrade.com:443 "GET /v1/marketdata/chains?apikey=IMCCPZNM01UXWS3P6X9NLMBZ9SBYUOVA&symbol=GOOGL HTTP/1.1" 200 None
2020-10-24 10:20:17,682 Starting new HTTPS connection (1): api.tdameritrade.com:443
2020-10-24 10:20:18,018 https://api.tdameritrade.com:443 "GET /v1/marketdata/chains?apikey=IMCCPZNM01UXWS3P6X9NLMBZ9SBYUOVA&symbol=MU HTTP/1.1" 200 None
2020-10-24 10:20:18,238 Starting new HTTPS connection (1): api.tdameritrade.com:443
2020-10-24 10:20:18,640 https://api.tdameritrade.com:443 "GET /v1/marketdata/chains?apikey=IMCCPZNM01UXWS3P6X9NLMBZ9SBYUOVA&symbol=RCL HTTP/1.1" 200 None
2020-10-24 10:20:18,897 Starting new HTTPS connection (1): api.tdameritrade.com:443
2020-10-24 10:20:19,248 https://api.tdameritrade.com:443 "GET /v1/marketdata/chains?apikey=IMCCPZNM01UXWS3P6X9NLMBZ9SBYUOVA&symbol=WYNN HTTP/1.1" 200 None
2020-10-24 10:20:19,498 Starting new HTTPS connection (1): api.tdameritrade.com:443
2020-10-24 10:20:19,937 https://api.tdameritrade.com:443 "GET /v1/marketdata/chains?apikey=IMCCPZNM01UXWS3P6X9NLMBZ9SBYUOVA&symbol=MA HTTP/1.1" 200 None
2020-10-24 10:20:20,230 Starting new HTTPS connection (1): api.tdameritrade.com:443
2020-10-24 10:20:20,588 https://api.tdameritrade.com:443 "GET /v1/marketdata/chains?apikey=IMCCPZNM01UXWS3P6X9NLMBZ9SBYUOVA&symbol=JD HTTP/1.1" 200 None
2020-10-24 10:20:20,930 Starting new HTTPS connection (1): api.tdameritrade.com:443
2020-10-24 10:20:21,268 https://api.tdameritrade.com:443 "GET /v1/marketdata/chains?apikey=IMCCPZNM01UXWS3P6X9NLMBZ9SBYUOVA&symbol=ULTA HTTP/1.1" 200 None
2020-10-24 10:20:21,512 Starting new HTTPS connection (1): api.tdameritrade.com:443
2020-10-24 10:20:21,874 https://api.tdameritrade.com:443 "GET /v1/marketdata/chains?apikey=IMCCPZNM01UXWS3P6X9NLMBZ9SBYUOVA&symbol=MGM HTTP/1.1" 200 None
2020-10-24 10:20:22,057 Starting new HTTPS connection (1): api.tdameritrade.com:443
2020-10-24 10:20:23,597 https://api.tdameritrade.com:443 "GET /v1/marketdata/chains?apikey=IMCCPZNM01UXWS3P6X9NLMBZ9SBYUOVA&symbol=GOOG HTTP/1.1" 200 None
2020-10-24 10:20:24,899 Starting new HTTPS connection (1): api.tdameritrade.com:443
2020-10-24 10:20:25,314 https://api.tdameritrade.com:443 "GET /v1/marketdata/chains?apikey=IMCCPZNM01UXWS3P6X9NLMBZ9SBYUOVA&symbol=JNJ HTTP/1.1" 200 None
2020-10-24 10:20:25,647 Starting new HTTPS connection (1): api.tdameritrade.com:443
2020-10-24 10:20:25,990 https://api.tdameritrade.com:443 "GET /v1/marketdata/chains?apikey=IMCCPZNM01UXWS3P6X9NLMBZ9SBYUOVA&symbol=DLTR HTTP/1.1" 200 None
2020-10-24 10:20:26,236 Starting new HTTPS connection (1): api.tdameritrade.com:443
2020-10-24 10:20:26,648 https://api.tdameritrade.com:443 "GET /v1/marketdata/chains?apikey=IMCCPZNM01UXWS3P6X9NLMBZ9SBYUOVA&symbol=COST HTTP/1.1" 200 None
2020-10-24 10:20:26,925 Starting new HTTPS connection (1): api.tdameritrade.com:443
2020-10-24 10:20:27,284 https://api.tdameritrade.com:443 "GET /v1/marketdata/chains?apikey=IMCCPZNM01UXWS3P6X9NLMBZ9SBYUOVA&symbol=DOCU HTTP/1.1" 200 None
2020-10-24 10:20:27,578 Starting new HTTPS connection (1): api.tdameritrade.com:443
2020-10-24 10:20:27,960 https://api.tdameritrade.com:443 "GET /v1/marketdata/chains?apikey=IMCCPZNM01UXWS3P6X9NLMBZ9SBYUOVA&symbol=T HTTP/1.1" 200 None
2020-10-24 10:20:28,259 Starting new HTTPS connection (1): api.tdameritrade.com:443
2020-10-24 10:20:28,593 https://api.tdameritrade.com:443 "GET /v1/marketdata/chains?apikey=IMCCPZNM01UXWS3P6X9NLMBZ9SBYUOVA&symbol=LUV HTTP/1.1" 200 None
2020-10-24 10:20:28,755 Starting new HTTPS connection (1): api.tdameritrade.com:443
2020-10-24 10:20:29,087 https://api.tdameritrade.com:443 "GET /v1/marketdata/chains?apikey=IMCCPZNM01UXWS3P6X9NLMBZ9SBYUOVA&symbol=LULU HTTP/1.1" 200 None
2020-10-24 10:20:29,344 Starting new HTTPS connection (1): api.tdameritrade.com:443
2020-10-24 10:20:29,691 https://api.tdameritrade.com:443 "GET /v1/marketdata/chains?apikey=IMCCPZNM01UXWS3P6X9NLMBZ9SBYUOVA&symbol=AMAT HTTP/1.1" 200 None
2020-10-24 10:20:29,901 Starting new HTTPS connection (1): api.tdameritrade.com:443
2020-10-24 10:20:30,294 https://api.tdameritrade.com:443 "GET /v1/marketdata/chains?apikey=IMCCPZNM01UXWS3P6X9NLMBZ9SBYUOVA&symbol=GE HTTP/1.1" 200 None
2020-10-24 10:20:30,452 Starting new HTTPS connection (1): api.tdameritrade.com:443
2020-10-24 10:20:30,845 https://api.tdameritrade.com:443 "GET /v1/marketdata/chains?apikey=IMCCPZNM01UXWS3P6X9NLMBZ9SBYUOVA&symbol=UNH HTTP/1.1" 200 None
2020-10-24 10:20:31,174 Starting new HTTPS connection (1): api.tdameritrade.com:443
2020-10-24 10:20:31,502 https://api.tdameritrade.com:443 "GET /v1/marketdata/chains?apikey=IMCCPZNM01UXWS3P6X9NLMBZ9SBYUOVA&symbol=CSCO HTTP/1.1" 200 None
2020-10-24 10:20:31,679 Starting new HTTPS connection (1): api.tdameritrade.com:443
2020-10-24 10:20:32,127 https://api.tdameritrade.com:443 "GET /v1/marketdata/chains?apikey=IMCCPZNM01UXWS3P6X9NLMBZ9SBYUOVA&symbol=MCD HTTP/1.1" 200 None
2020-10-24 10:20:32,357 Starting new HTTPS connection (1): api.tdameritrade.com:443
2020-10-24 10:20:32,707 https://api.tdameritrade.com:443 "GET /v1/marketdata/chains?apikey=IMCCPZNM01UXWS3P6X9NLMBZ9SBYUOVA&symbol=PFE HTTP/1.1" 200 None
2020-10-24 10:20:32,953 Starting new HTTPS connection (1): api.tdameritrade.com:443
2020-10-24 10:20:33,323 https://api.tdameritrade.com:443 "GET /v1/marketdata/chains?apikey=IMCCPZNM01UXWS3P6X9NLMBZ9SBYUOVA&symbol=KO HTTP/1.1" 200 None
2020-10-24 10:20:33,496 Starting new HTTPS connection (1): api.tdameritrade.com:443
2020-10-24 10:20:33,864 https://api.tdameritrade.com:443 "GET /v1/marketdata/chains?apikey=IMCCPZNM01UXWS3P6X9NLMBZ9SBYUOVA&symbol=NKE HTTP/1.1" 200 None
2020-10-24 10:20:34,147 Starting new HTTPS connection (1): api.tdameritrade.com:443
2020-10-24 10:20:34,477 https://api.tdameritrade.com:443 "GET /v1/marketdata/chains?apikey=IMCCPZNM01UXWS3P6X9NLMBZ9SBYUOVA&symbol=VZ HTTP/1.1" 200 None
2020-10-24 10:20:34,634 Starting new HTTPS connection (1): api.tdameritrade.com:443
2020-10-24 10:20:35,011 https://api.tdameritrade.com:443 "GET /v1/marketdata/chains?apikey=IMCCPZNM01UXWS3P6X9NLMBZ9SBYUOVA&symbol=ATVI HTTP/1.1" 200 None
2020-10-24 10:20:35,289 Starting new HTTPS connection (1): api.tdameritrade.com:443
2020-10-24 10:20:35,652 https://api.tdameritrade.com:443 "GET /v1/marketdata/chains?apikey=IMCCPZNM01UXWS3P6X9NLMBZ9SBYUOVA&symbol=AXP HTTP/1.1" 200 None
2020-10-24 10:20:35,867 Starting new HTTPS connection (1): api.tdameritrade.com:443
2020-10-24 10:20:36,333 https://api.tdameritrade.com:443 "GET /v1/marketdata/chains?apikey=IMCCPZNM01UXWS3P6X9NLMBZ9SBYUOVA&symbol=IBM HTTP/1.1" 200 None
2020-10-24 10:20:36,548 Starting new HTTPS connection (1): api.tdameritrade.com:443
2020-10-24 10:20:36,891 https://api.tdameritrade.com:443 "GET /v1/marketdata/chains?apikey=IMCCPZNM01UXWS3P6X9NLMBZ9SBYUOVA&symbol=BBY HTTP/1.1" 200 None
2020-10-24 10:20:37,178 Starting new HTTPS connection (1): api.tdameritrade.com:443
2020-10-24 10:20:37,521 https://api.tdameritrade.com:443 "GET /v1/marketdata/chains?apikey=IMCCPZNM01UXWS3P6X9NLMBZ9SBYUOVA&symbol=CAT HTTP/1.1" 200 None
2020-10-24 10:20:37,766 Starting new HTTPS connection (1): api.tdameritrade.com:443
2020-10-24 10:20:38,109 https://api.tdameritrade.com:443 "GET /v1/marketdata/chains?apikey=IMCCPZNM01UXWS3P6X9NLMBZ9SBYUOVA&symbol=F HTTP/1.1" 200 None
2020-10-24 10:20:38,204 Starting new HTTPS connection (1): api.tdameritrade.com:443
2020-10-24 10:20:38,585 https://api.tdameritrade.com:443 "GET /v1/marketdata/chains?apikey=IMCCPZNM01UXWS3P6X9NLMBZ9SBYUOVA&symbol=UPS HTTP/1.1" 200 None
2020-10-24 10:20:38,821 Starting new HTTPS connection (1): api.tdameritrade.com:443
2020-10-24 10:20:39,189 https://api.tdameritrade.com:443 "GET /v1/marketdata/chains?apikey=IMCCPZNM01UXWS3P6X9NLMBZ9SBYUOVA&symbol=HPQ HTTP/1.1" 200 None
2020-10-24 10:20:39,374 Starting new HTTPS connection (1): api.tdameritrade.com:443
2020-10-24 10:20:39,705 https://api.tdameritrade.com:443 "GET /v1/marketdata/chains?apikey=IMCCPZNM01UXWS3P6X9NLMBZ9SBYUOVA&symbol=CVS HTTP/1.1" 200 None
2020-10-24 10:20:39,938 Starting new HTTPS connection (1): api.tdameritrade.com:443
2020-10-24 10:20:40,317 https://api.tdameritrade.com:443 "GET /v1/marketdata/chains?apikey=IMCCPZNM01UXWS3P6X9NLMBZ9SBYUOVA&symbol=FDX HTTP/1.1" 200 None
2020-10-24 10:20:40,566 Starting new HTTPS connection (1): api.tdameritrade.com:443
2020-10-24 10:20:40,970 https://api.tdameritrade.com:443 "GET /v1/marketdata/chains?apikey=IMCCPZNM01UXWS3P6X9NLMBZ9SBYUOVA&symbol=OXY HTTP/1.1" 200 None
2020-10-24 10:20:41,153 Starting new HTTPS connection (1): api.tdameritrade.com:443
2020-10-24 10:20:41,508 https://api.tdameritrade.com:443 "GET /v1/marketdata/chains?apikey=IMCCPZNM01UXWS3P6X9NLMBZ9SBYUOVA&symbol=MS HTTP/1.1" 200 None
2020-10-24 10:20:41,747 Starting new HTTPS connection (1): api.tdameritrade.com:443
2020-10-24 10:20:42,091 https://api.tdameritrade.com:443 "GET /v1/marketdata/chains?apikey=IMCCPZNM01UXWS3P6X9NLMBZ9SBYUOVA&symbol=AMGN HTTP/1.1" 200 None
2020-10-24 10:20:42,559 Starting new HTTPS connection (1): api.tdameritrade.com:443
2020-10-24 10:20:42,916 https://api.tdameritrade.com:443 "GET /v1/marketdata/chains?apikey=IMCCPZNM01UXWS3P6X9NLMBZ9SBYUOVA&symbol=GILD HTTP/1.1" 200 None
2020-10-24 10:20:43,108 Starting new HTTPS connection (1): api.tdameritrade.com:443
2020-10-24 10:20:43,434 https://api.tdameritrade.com:443 "GET /v1/marketdata/chains?apikey=IMCCPZNM01UXWS3P6X9NLMBZ9SBYUOVA&symbol=MMM HTTP/1.1" 200 None
2020-10-24 10:20:43,671 Starting new HTTPS connection (1): api.tdameritrade.com:443
2020-10-24 10:20:44,042 https://api.tdameritrade.com:443 "GET /v1/marketdata/chains?apikey=IMCCPZNM01UXWS3P6X9NLMBZ9SBYUOVA&symbol=MAR HTTP/1.1" 200 None
2020-10-24 10:20:44,214 Starting new HTTPS connection (1): api.tdameritrade.com:443
2020-10-24 10:20:44,631 https://api.tdameritrade.com:443 "GET /v1/marketdata/chains?apikey=IMCCPZNM01UXWS3P6X9NLMBZ9SBYUOVA&symbol=BIDU HTTP/1.1" 200 None
2020-10-24 10:20:44,882 Starting new HTTPS connection (1): api.tdameritrade.com:443
2020-10-24 10:20:45,283 https://api.tdameritrade.com:443 "GET /v1/marketdata/chains?apikey=IMCCPZNM01UXWS3P6X9NLMBZ9SBYUOVA&symbol=ABBV HTTP/1.1" 200 None
2020-10-24 10:20:45,611 Starting new HTTPS connection (1): api.tdameritrade.com:443
2020-10-24 10:20:45,989 https://api.tdameritrade.com:443 "GET /v1/marketdata/chains?apikey=IMCCPZNM01UXWS3P6X9NLMBZ9SBYUOVA&symbol=MRK HTTP/1.1" 200 None
2020-10-24 10:20:46,244 Starting new HTTPS connection (1): api.tdameritrade.com:443
2020-10-24 10:20:46,678 https://api.tdameritrade.com:443 "GET /v1/marketdata/chains?apikey=IMCCPZNM01UXWS3P6X9NLMBZ9SBYUOVA&symbol=LRCX HTTP/1.1" 200 None
2020-10-24 10:20:47,031 Starting new HTTPS connection (1): api.tdameritrade.com:443
2020-10-24 10:20:47,367 https://api.tdameritrade.com:443 "GET /v1/marketdata/chains?apikey=IMCCPZNM01UXWS3P6X9NLMBZ9SBYUOVA&symbol=PG HTTP/1.1" 200 None
2020-10-24 10:20:47,548 Starting new HTTPS connection (1): api.tdameritrade.com:443
2020-10-24 10:20:47,873 https://api.tdameritrade.com:443 "GET /v1/marketdata/chains?apikey=IMCCPZNM01UXWS3P6X9NLMBZ9SBYUOVA&symbol=FCX HTTP/1.1" 200 None
2020-10-24 10:20:48,033 Starting new HTTPS connection (1): api.tdameritrade.com:443
2020-10-24 10:20:48,444 https://api.tdameritrade.com:443 "GET /v1/marketdata/chains?apikey=IMCCPZNM01UXWS3P6X9NLMBZ9SBYUOVA&symbol=PEP HTTP/1.1" 200 None
2020-10-24 10:20:48,741 Starting new HTTPS connection (1): api.tdameritrade.com:443
2020-10-24 10:20:49,129 https://api.tdameritrade.com:443 "GET /v1/marketdata/chains?apikey=IMCCPZNM01UXWS3P6X9NLMBZ9SBYUOVA&symbol=MDT HTTP/1.1" 200 None
2020-10-24 10:20:49,431 Starting new HTTPS connection (1): api.tdameritrade.com:443
2020-10-24 10:20:49,757 https://api.tdameritrade.com:443 "GET /v1/marketdata/chains?apikey=IMCCPZNM01UXWS3P6X9NLMBZ9SBYUOVA&symbol=VIAC HTTP/1.1" 200 None
2020-10-24 10:20:49,925 Starting new HTTPS connection (1): api.tdameritrade.com:443
2020-10-24 10:20:50,323 https://api.tdameritrade.com:443 "GET /v1/marketdata/chains?apikey=IMCCPZNM01UXWS3P6X9NLMBZ9SBYUOVA&symbol=CVX HTTP/1.1" 200 None
2020-10-24 10:20:50,643 Starting new HTTPS connection (1): api.tdameritrade.com:443
2020-10-24 10:20:51,064 https://api.tdameritrade.com:443 "GET /v1/marketdata/chains?apikey=IMCCPZNM01UXWS3P6X9NLMBZ9SBYUOVA&symbol=RTX HTTP/1.1" 200 None
2020-10-24 10:20:51,312 Starting new HTTPS connection (1): api.tdameritrade.com:443
2020-10-24 10:20:51,680 https://api.tdameritrade.com:443 "GET /v1/marketdata/chains?apikey=IMCCPZNM01UXWS3P6X9NLMBZ9SBYUOVA&symbol=LVS HTTP/1.1" 200 None
2020-10-24 10:20:51,850 Starting new HTTPS connection (1): api.tdameritrade.com:443
2020-10-24 10:20:52,217 https://api.tdameritrade.com:443 "GET /v1/marketdata/chains?apikey=IMCCPZNM01UXWS3P6X9NLMBZ9SBYUOVA&symbol=GM HTTP/1.1" 200 None
2020-10-24 10:20:52,453 Starting new HTTPS connection (1): api.tdameritrade.com:443
2020-10-24 10:20:52,806 https://api.tdameritrade.com:443 "GET /v1/marketdata/chains?apikey=IMCCPZNM01UXWS3P6X9NLMBZ9SBYUOVA&symbol=WDC HTTP/1.1" 200 None
2020-10-24 10:20:52,954 Starting new HTTPS connection (1): api.tdameritrade.com:443
2020-10-24 10:20:53,475 https://api.tdameritrade.com:443 "GET /v1/marketdata/chains?apikey=IMCCPZNM01UXWS3P6X9NLMBZ9SBYUOVA&symbol=KR HTTP/1.1" 200 None
2020-10-24 10:20:53,622 Starting new HTTPS connection (1): api.tdameritrade.com:443
2020-10-24 10:20:53,990 https://api.tdameritrade.com:443 "GET /v1/marketdata/chains?apikey=IMCCPZNM01UXWS3P6X9NLMBZ9SBYUOVA&symbol=EBAY HTTP/1.1" 200 None
2020-10-24 10:20:54,197 Starting new HTTPS connection (1): api.tdameritrade.com:443
2020-10-24 10:20:54,576 https://api.tdameritrade.com:443 "GET /v1/marketdata/chains?apikey=IMCCPZNM01UXWS3P6X9NLMBZ9SBYUOVA&symbol=NOW HTTP/1.1" 200 None
2020-10-24 10:20:54,921 Starting new HTTPS connection (1): api.tdameritrade.com:443
2020-10-24 10:20:55,370 https://api.tdameritrade.com:443 "GET /v1/marketdata/chains?apikey=IMCCPZNM01UXWS3P6X9NLMBZ9SBYUOVA&symbol=BMY HTTP/1.1" 200 None
2020-10-24 10:20:55,590 Starting new HTTPS connection (1): api.tdameritrade.com:443
2020-10-24 10:20:55,972 https://api.tdameritrade.com:443 "GET /v1/marketdata/chains?apikey=IMCCPZNM01UXWS3P6X9NLMBZ9SBYUOVA&symbol=AVGO HTTP/1.1" 200 None
2020-10-24 10:20:56,229 Starting new HTTPS connection (1): api.tdameritrade.com:443
2020-10-24 10:20:56,626 https://api.tdameritrade.com:443 "GET /v1/marketdata/chains?apikey=IMCCPZNM01UXWS3P6X9NLMBZ9SBYUOVA&symbol=CMCSA HTTP/1.1" 200 None
2020-10-24 10:20:56,869 Starting new HTTPS connection (1): api.tdameritrade.com:443
2020-10-24 10:20:57,330 https://api.tdameritrade.com:443 "GET /v1/marketdata/chains?apikey=IMCCPZNM01UXWS3P6X9NLMBZ9SBYUOVA&symbol=CMG HTTP/1.1" 200 None
2020-10-24 10:20:57,682 Starting new HTTPS connection (1): api.tdameritrade.com:443
2020-10-24 10:20:58,067 https://api.tdameritrade.com:443 "GET /v1/marketdata/chains?apikey=IMCCPZNM01UXWS3P6X9NLMBZ9SBYUOVA&symbol=KSS HTTP/1.1" 200 None
2020-10-24 10:20:58,240 Starting new HTTPS connection (1): api.tdameritrade.com:443
2020-10-24 10:20:58,570 https://api.tdameritrade.com:443 "GET /v1/marketdata/chains?apikey=IMCCPZNM01UXWS3P6X9NLMBZ9SBYUOVA&symbol=MO HTTP/1.1" 200 None
2020-10-24 10:20:58,915 Starting new HTTPS connection (1): api.tdameritrade.com:443
2020-10-24 10:20:59,238 https://api.tdameritrade.com:443 "GET /v1/marketdata/chains?apikey=IMCCPZNM01UXWS3P6X9NLMBZ9SBYUOVA&symbol=NEM HTTP/1.1" 200 None
2020-10-24 10:20:59,402 Starting new HTTPS connection (1): api.tdameritrade.com:443
2020-10-24 10:20:59,758 https://api.tdameritrade.com:443 "GET /v1/marketdata/chains?apikey=IMCCPZNM01UXWS3P6X9NLMBZ9SBYUOVA&symbol=DE HTTP/1.1" 200 None
2020-10-24 10:21:00,010 Starting new HTTPS connection (1): api.tdameritrade.com:443
2020-10-24 10:21:00,335 https://api.tdameritrade.com:443 "GET /v1/marketdata/chains?apikey=IMCCPZNM01UXWS3P6X9NLMBZ9SBYUOVA&symbol=KHC HTTP/1.1" 200 None
2020-10-24 10:21:00,498 Starting new HTTPS connection (1): api.tdameritrade.com:443
2020-10-24 10:21:00,838 https://api.tdameritrade.com:443 "GET /v1/marketdata/chains?apikey=IMCCPZNM01UXWS3P6X9NLMBZ9SBYUOVA&symbol=HYG HTTP/1.1" 200 None
2020-10-24 10:21:01,147 Starting new HTTPS connection (1): api.tdameritrade.com:443
2020-10-24 10:21:01,464 https://api.tdameritrade.com:443 "GET /v1/marketdata/chains?apikey=IMCCPZNM01UXWS3P6X9NLMBZ9SBYUOVA&symbol=SPG HTTP/1.1" 200 None
2020-10-24 10:21:01,622 Starting new HTTPS connection (1): api.tdameritrade.com:443
2020-10-24 10:21:01,974 https://api.tdameritrade.com:443 "GET /v1/marketdata/chains?apikey=IMCCPZNM01UXWS3P6X9NLMBZ9SBYUOVA&symbol=VLO HTTP/1.1" 200 None
2020-10-24 10:21:02,140 Starting new HTTPS connection (1): api.tdameritrade.com:443
2020-10-24 10:21:02,525 https://api.tdameritrade.com:443 "GET /v1/marketdata/chains?apikey=IMCCPZNM01UXWS3P6X9NLMBZ9SBYUOVA&symbol=WBA HTTP/1.1" 200 None
2020-10-24 10:21:02,763 Starting new HTTPS connection (1): api.tdameritrade.com:443
2020-10-24 10:21:03,185 https://api.tdameritrade.com:443 "GET /v1/marketdata/chains?apikey=IMCCPZNM01UXWS3P6X9NLMBZ9SBYUOVA&symbol=DHI HTTP/1.1" 200 None
2020-10-24 10:21:03,529 Starting new HTTPS connection (1): api.tdameritrade.com:443
2020-10-24 10:21:03,853 https://api.tdameritrade.com:443 "GET /v1/marketdata/chains?apikey=IMCCPZNM01UXWS3P6X9NLMBZ9SBYUOVA&symbol=USB HTTP/1.1" 200 None
2020-10-24 10:21:04,021 Starting new HTTPS connection (1): api.tdameritrade.com:443
2020-10-24 10:21:04,386 https://api.tdameritrade.com:443 "GET /v1/marketdata/chains?apikey=IMCCPZNM01UXWS3P6X9NLMBZ9SBYUOVA&symbol=COP HTTP/1.1" 200 None
2020-10-24 10:21:04,604 Starting new HTTPS connection (1): api.tdameritrade.com:443
2020-10-24 10:21:04,981 https://api.tdameritrade.com:443 "GET /v1/marketdata/chains?apikey=IMCCPZNM01UXWS3P6X9NLMBZ9SBYUOVA&symbol=HAL HTTP/1.1" 200 None
2020-10-24 10:21:05,144 Starting new HTTPS connection (1): api.tdameritrade.com:443
2020-10-24 10:21:05,476 https://api.tdameritrade.com:443 "GET /v1/marketdata/chains?apikey=IMCCPZNM01UXWS3P6X9NLMBZ9SBYUOVA&symbol=MRO HTTP/1.1" 200 None
2020-10-24 10:21:05,568 Starting new HTTPS connection (1): api.tdameritrade.com:443
2020-10-24 10:21:05,939 https://api.tdameritrade.com:443 "GET /v1/marketdata/chains?apikey=IMCCPZNM01UXWS3P6X9NLMBZ9SBYUOVA&symbol=FISV HTTP/1.1" 200 None
2020-10-24 10:21:06,108 Starting new HTTPS connection (1): api.tdameritrade.com:443
2020-10-24 10:21:06,426 https://api.tdameritrade.com:443 "GET /v1/marketdata/chains?apikey=IMCCPZNM01UXWS3P6X9NLMBZ9SBYUOVA&symbol=AIG HTTP/1.1" 200 None
2020-10-24 10:21:06,601 Starting new HTTPS connection (1): api.tdameritrade.com:443
2020-10-24 10:21:06,954 https://api.tdameritrade.com:443 "GET /v1/marketdata/chains?apikey=IMCCPZNM01UXWS3P6X9NLMBZ9SBYUOVA&symbol=SLB HTTP/1.1" 200 None
2020-10-24 10:21:07,128 Starting new HTTPS connection (1): api.tdameritrade.com:443
2020-10-24 10:21:07,508 https://api.tdameritrade.com:443 "GET /v1/marketdata/chains?apikey=IMCCPZNM01UXWS3P6X9NLMBZ9SBYUOVA&symbol=SO HTTP/1.1" 200 None
2020-10-24 10:21:07,665 Starting new HTTPS connection (1): api.tdameritrade.com:443
2020-10-24 10:21:08,037 https://api.tdameritrade.com:443 "GET /v1/marketdata/chains?apikey=IMCCPZNM01UXWS3P6X9NLMBZ9SBYUOVA&symbol=LEN HTTP/1.1" 200 None
2020-10-24 10:21:08,236 Starting new HTTPS connection (1): api.tdameritrade.com:443
2020-10-24 10:21:08,565 https://api.tdameritrade.com:443 "GET /v1/marketdata/chains?apikey=IMCCPZNM01UXWS3P6X9NLMBZ9SBYUOVA&symbol=LB HTTP/1.1" 200 None
2020-10-24 10:21:08,776 Starting new HTTPS connection (1): api.tdameritrade.com:443
2020-10-24 10:21:09,106 https://api.tdameritrade.com:443 "GET /v1/marketdata/chains?apikey=IMCCPZNM01UXWS3P6X9NLMBZ9SBYUOVA&symbol=TJX HTTP/1.1" 200 None
2020-10-24 10:21:09,319 Starting new HTTPS connection (1): api.tdameritrade.com:443
2020-10-24 10:21:09,653 https://api.tdameritrade.com:443 "GET /v1/marketdata/chains?apikey=IMCCPZNM01UXWS3P6X9NLMBZ9SBYUOVA&symbol=DPZ HTTP/1.1" 200 None
2020-10-24 10:21:09,920 Starting new HTTPS connection (1): api.tdameritrade.com:443
2020-10-24 10:21:10,297 https://api.tdameritrade.com:443 "GET /v1/marketdata/chains?apikey=IMCCPZNM01UXWS3P6X9NLMBZ9SBYUOVA&symbol=KEYS HTTP/1.1" 200 None
2020-10-24 10:21:10,388 Starting new HTTPS connection (1): api.tdameritrade.com:443
2020-10-24 10:21:10,711 https://api.tdameritrade.com:443 "GET /v1/marketdata/chains?apikey=IMCCPZNM01UXWS3P6X9NLMBZ9SBYUOVA&symbol=EL HTTP/1.1" 200 None
2020-10-24 10:21:10,800 Starting new HTTPS connection (1): api.tdameritrade.com:443
2020-10-24 10:21:11,126 https://api.tdameritrade.com:443 "GET /v1/marketdata/chains?apikey=IMCCPZNM01UXWS3P6X9NLMBZ9SBYUOVA&symbol=JNK HTTP/1.1" 200 None
2020-10-24 10:21:14,338 132 symbols uploaded, 0 failed:88.70394325256348 seconds elapsed
2020-10-24 10:39:21,969 2020-10-24 10:39:21:Started
2020-10-24 10:39:21,984 Starting new HTTPS connection (1): api.tdameritrade.com:443
2020-10-24 10:39:22,552 https://api.tdameritrade.com:443 "GET /v1/marketdata/chains?apikey=IMCCPZNM01UXWS3P6X9NLMBZ9SBYUOVA&symbol=SPY HTTP/1.1" 200 None
2020-10-24 10:39:23,390 Starting new HTTPS connection (1): api.tdameritrade.com:443
2020-10-24 10:39:23,952 https://api.tdameritrade.com:443 "GET /v1/marketdata/chains?apikey=IMCCPZNM01UXWS3P6X9NLMBZ9SBYUOVA&symbol=AAPL HTTP/1.1" 200 None
2020-10-24 10:39:24,352 Starting new HTTPS connection (1): api.tdameritrade.com:443
2020-10-24 10:39:24,810 https://api.tdameritrade.com:443 "GET /v1/marketdata/chains?apikey=IMCCPZNM01UXWS3P6X9NLMBZ9SBYUOVA&symbol=TSLA HTTP/1.1" 200 None
2020-10-24 10:39:25,501 Starting new HTTPS connection (1): api.tdameritrade.com:443
2020-10-24 10:39:26,028 https://api.tdameritrade.com:443 "GET /v1/marketdata/chains?apikey=IMCCPZNM01UXWS3P6X9NLMBZ9SBYUOVA&symbol=AMZN HTTP/1.1" 200 None
2020-10-24 10:39:26,756 Starting new HTTPS connection (1): api.tdameritrade.com:443
2020-10-24 10:39:27,200 https://api.tdameritrade.com:443 "GET /v1/marketdata/chains?apikey=IMCCPZNM01UXWS3P6X9NLMBZ9SBYUOVA&symbol=QQQ HTTP/1.1" 200 None
2020-10-24 10:39:27,780 Starting new HTTPS connection (1): api.tdameritrade.com:443
2020-10-24 10:39:28,194 https://api.tdameritrade.com:443 "GET /v1/marketdata/chains?apikey=IMCCPZNM01UXWS3P6X9NLMBZ9SBYUOVA&symbol=AMD HTTP/1.1" 200 None
2020-10-24 10:39:28,628 Starting new HTTPS connection (1): api.tdameritrade.com:443
2020-10-24 10:39:29,048 https://api.tdameritrade.com:443 "GET /v1/marketdata/chains?apikey=IMCCPZNM01UXWS3P6X9NLMBZ9SBYUOVA&symbol=NVDA HTTP/1.1" 200 None
2020-10-24 10:39:29,403 Starting new HTTPS connection (1): api.tdameritrade.com:443
2020-10-24 10:39:29,799 https://api.tdameritrade.com:443 "GET /v1/marketdata/chains?apikey=IMCCPZNM01UXWS3P6X9NLMBZ9SBYUOVA&symbol=MSFT HTTP/1.1" 200 None
2020-10-24 10:39:30,064 Starting new HTTPS connection (1): api.tdameritrade.com:443
2020-10-24 10:39:30,410 https://api.tdameritrade.com:443 "GET /v1/marketdata/chains?apikey=IMCCPZNM01UXWS3P6X9NLMBZ9SBYUOVA&symbol=WMT HTTP/1.1" 200 None
2020-10-24 10:39:30,653 Starting new HTTPS connection (1): api.tdameritrade.com:443
2020-10-24 10:39:31,050 https://api.tdameritrade.com:443 "GET /v1/marketdata/chains?apikey=IMCCPZNM01UXWS3P6X9NLMBZ9SBYUOVA&symbol=FB HTTP/1.1" 200 None
2020-10-24 10:39:31,384 Starting new HTTPS connection (1): api.tdameritrade.com:443
2020-10-24 10:39:31,842 https://api.tdameritrade.com:443 "GET /v1/marketdata/chains?apikey=IMCCPZNM01UXWS3P6X9NLMBZ9SBYUOVA&symbol=VXX HTTP/1.1" 200 None
2020-10-24 10:39:32,176 Starting new HTTPS connection (1): api.tdameritrade.com:443
2020-10-24 10:39:32,648 https://api.tdameritrade.com:443 "GET /v1/marketdata/chains?apikey=IMCCPZNM01UXWS3P6X9NLMBZ9SBYUOVA&symbol=NFLX HTTP/1.1" 200 None
2020-10-24 10:39:33,102 Starting new HTTPS connection (1): api.tdameritrade.com:443
2020-10-24 10:39:33,485 https://api.tdameritrade.com:443 "GET /v1/marketdata/chains?apikey=IMCCPZNM01UXWS3P6X9NLMBZ9SBYUOVA&symbol=BA HTTP/1.1" 200 None
2020-10-24 10:39:33,840 Starting new HTTPS connection (1): api.tdameritrade.com:443
2020-10-24 10:39:34,281 https://api.tdameritrade.com:443 "GET /v1/marketdata/chains?apikey=IMCCPZNM01UXWS3P6X9NLMBZ9SBYUOVA&symbol=CRM HTTP/1.1" 200 None
2020-10-24 10:39:34,724 Starting new HTTPS connection (1): api.tdameritrade.com:443
2020-10-24 10:39:35,222 https://api.tdameritrade.com:443 "GET /v1/marketdata/chains?apikey=IMCCPZNM01UXWS3P6X9NLMBZ9SBYUOVA&symbol=DIS HTTP/1.1" 200 None
2020-10-24 10:39:35,621 Starting new HTTPS connection (1): api.tdameritrade.com:443
2020-10-24 10:39:36,034 https://api.tdameritrade.com:443 "GET /v1/marketdata/chains?apikey=IMCCPZNM01UXWS3P6X9NLMBZ9SBYUOVA&symbol=ABT HTTP/1.1" 200 None
2020-10-24 10:39:36,226 Starting new HTTPS connection (1): api.tdameritrade.com:443
2020-10-24 10:39:36,610 https://api.tdameritrade.com:443 "GET /v1/marketdata/chains?apikey=IMCCPZNM01UXWS3P6X9NLMBZ9SBYUOVA&symbol=JPM HTTP/1.1" 200 None
2020-10-24 10:39:36,986 Starting new HTTPS connection (1): api.tdameritrade.com:443
2020-10-24 10:39:37,331 https://api.tdameritrade.com:443 "GET /v1/marketdata/chains?apikey=IMCCPZNM01UXWS3P6X9NLMBZ9SBYUOVA&symbol=AAL HTTP/1.1" 200 None
2020-10-24 10:39:37,503 Starting new HTTPS connection (1): api.tdameritrade.com:443
2020-10-24 10:39:37,834 https://api.tdameritrade.com:443 "GET /v1/marketdata/chains?apikey=IMCCPZNM01UXWS3P6X9NLMBZ9SBYUOVA&symbol=ORCL HTTP/1.1" 200 None
2020-10-24 10:39:38,018 Starting new HTTPS connection (1): api.tdameritrade.com:443
2020-10-24 10:39:38,351 https://api.tdameritrade.com:443 "GET /v1/marketdata/chains?apikey=IMCCPZNM01UXWS3P6X9NLMBZ9SBYUOVA&symbol=BAC HTTP/1.1" 200 None
2020-10-24 10:39:38,577 Starting new HTTPS connection (1): api.tdameritrade.com:443
2020-10-24 10:39:39,061 https://api.tdameritrade.com:443 "GET /v1/marketdata/chains?apikey=IMCCPZNM01UXWS3P6X9NLMBZ9SBYUOVA&symbol=ZM HTTP/1.1" 200 None
2020-10-24 10:39:39,425 Starting new HTTPS connection (1): api.tdameritrade.com:443
2020-10-24 10:39:39,876 https://api.tdameritrade.com:443 "GET /v1/marketdata/chains?apikey=IMCCPZNM01UXWS3P6X9NLMBZ9SBYUOVA&symbol=IWM HTTP/1.1" 200 None
2020-10-24 10:39:40,316 Starting new HTTPS connection (1): api.tdameritrade.com:443
2020-10-24 10:39:40,719 https://api.tdameritrade.com:443 "GET /v1/marketdata/chains?apikey=IMCCPZNM01UXWS3P6X9NLMBZ9SBYUOVA&symbol=CCL HTTP/1.1" 200 None
2020-10-24 10:39:40,951 Starting new HTTPS connection (1): api.tdameritrade.com:443
2020-10-24 10:39:41,300 https://api.tdameritrade.com:443 "GET /v1/marketdata/chains?apikey=IMCCPZNM01UXWS3P6X9NLMBZ9SBYUOVA&symbol=HD HTTP/1.1" 200 None
2020-10-24 10:39:41,625 Starting new HTTPS connection (1): api.tdameritrade.com:443
2020-10-24 10:39:42,075 https://api.tdameritrade.com:443 "GET /v1/marketdata/chains?apikey=IMCCPZNM01UXWS3P6X9NLMBZ9SBYUOVA&symbol=INTC HTTP/1.1" 200 None
2020-10-24 10:39:42,300 Starting new HTTPS connection (1): api.tdameritrade.com:443
2020-10-24 10:39:42,705 https://api.tdameritrade.com:443 "GET /v1/marketdata/chains?apikey=IMCCPZNM01UXWS3P6X9NLMBZ9SBYUOVA&symbol=UAL HTTP/1.1" 200 None
2020-10-24 10:39:42,890 Starting new HTTPS connection (1): api.tdameritrade.com:443
2020-10-24 10:39:43,322 https://api.tdameritrade.com:443 "GET /v1/marketdata/chains?apikey=IMCCPZNM01UXWS3P6X9NLMBZ9SBYUOVA&symbol=DAL HTTP/1.1" 200 None
2020-10-24 10:39:43,557 Starting new HTTPS connection (1): api.tdameritrade.com:443
2020-10-24 10:39:43,905 https://api.tdameritrade.com:443 "GET /v1/marketdata/chains?apikey=IMCCPZNM01UXWS3P6X9NLMBZ9SBYUOVA&symbol=TWTR HTTP/1.1" 200 None
2020-10-24 10:39:44,244 Starting new HTTPS connection (1): api.tdameritrade.com:443
2020-10-24 10:39:44,609 https://api.tdameritrade.com:443 "GET /v1/marketdata/chains?apikey=IMCCPZNM01UXWS3P6X9NLMBZ9SBYUOVA&symbol=GS HTTP/1.1" 200 None
2020-10-24 10:39:44,945 Starting new HTTPS connection (1): api.tdameritrade.com:443
2020-10-24 10:39:45,312 https://api.tdameritrade.com:443 "GET /v1/marketdata/chains?apikey=IMCCPZNM01UXWS3P6X9NLMBZ9SBYUOVA&symbol=SBUX HTTP/1.1" 200 None
2020-10-24 10:39:45,565 Starting new HTTPS connection (1): api.tdameritrade.com:443
2020-10-24 10:39:45,897 https://api.tdameritrade.com:443 "GET /v1/marketdata/chains?apikey=IMCCPZNM01UXWS3P6X9NLMBZ9SBYUOVA&symbol=QCOM HTTP/1.1" 200 None
2020-10-24 10:39:46,248 Starting new HTTPS connection (1): api.tdameritrade.com:443
2020-10-24 10:39:46,675 https://api.tdameritrade.com:443 "GET /v1/marketdata/chains?apikey=IMCCPZNM01UXWS3P6X9NLMBZ9SBYUOVA&symbol=DIA HTTP/1.1" 200 None
2020-10-24 10:39:47,022 Starting new HTTPS connection (1): api.tdameritrade.com:443
2020-10-24 10:39:47,411 https://api.tdameritrade.com:443 "GET /v1/marketdata/chains?apikey=IMCCPZNM01UXWS3P6X9NLMBZ9SBYUOVA&symbol=PYPL HTTP/1.1" 200 None
2020-10-24 10:39:47,745 Starting new HTTPS connection (1): api.tdameritrade.com:443
2020-10-24 10:39:48,073 https://api.tdameritrade.com:443 "GET /v1/marketdata/chains?apikey=IMCCPZNM01UXWS3P6X9NLMBZ9SBYUOVA&symbol=XOM HTTP/1.1" 200 None
2020-10-24 10:39:48,258 Starting new HTTPS connection (1): api.tdameritrade.com:443
2020-10-24 10:39:48,660 https://api.tdameritrade.com:443 "GET /v1/marketdata/chains?apikey=IMCCPZNM01UXWS3P6X9NLMBZ9SBYUOVA&symbol=GPS HTTP/1.1" 200 None
2020-10-24 10:39:48,957 Starting new HTTPS connection (1): api.tdameritrade.com:443
2020-10-24 10:39:49,317 https://api.tdameritrade.com:443 "GET /v1/marketdata/chains?apikey=IMCCPZNM01UXWS3P6X9NLMBZ9SBYUOVA&symbol=V HTTP/1.1" 200 None
2020-10-24 10:39:49,643 Starting new HTTPS connection (1): api.tdameritrade.com:443
2020-10-24 10:39:50,096 https://api.tdameritrade.com:443 "GET /v1/marketdata/chains?apikey=IMCCPZNM01UXWS3P6X9NLMBZ9SBYUOVA&symbol=ADBE HTTP/1.1" 200 None
2020-10-24 10:39:50,436 Starting new HTTPS connection (1): api.tdameritrade.com:443
2020-10-24 10:39:50,801 https://api.tdameritrade.com:443 "GET /v1/marketdata/chains?apikey=IMCCPZNM01UXWS3P6X9NLMBZ9SBYUOVA&symbol=MRNA HTTP/1.1" 200 None
2020-10-24 10:39:51,127 Starting new HTTPS connection (1): api.tdameritrade.com:443
2020-10-24 10:39:51,511 https://api.tdameritrade.com:443 "GET /v1/marketdata/chains?apikey=IMCCPZNM01UXWS3P6X9NLMBZ9SBYUOVA&symbol=C HTTP/1.1" 200 None
2020-10-24 10:39:51,688 Starting new HTTPS connection (1): api.tdameritrade.com:443
2020-10-24 10:39:52,084 https://api.tdameritrade.com:443 "GET /v1/marketdata/chains?apikey=IMCCPZNM01UXWS3P6X9NLMBZ9SBYUOVA&symbol=SPLK HTTP/1.1" 200 None
2020-10-24 10:39:52,326 Starting new HTTPS connection (1): api.tdameritrade.com:443
2020-10-24 10:39:52,725 https://api.tdameritrade.com:443 "GET /v1/marketdata/chains?apikey=IMCCPZNM01UXWS3P6X9NLMBZ9SBYUOVA&symbol=NCLH HTTP/1.1" 200 None
2020-10-24 10:39:52,887 Starting new HTTPS connection (1): api.tdameritrade.com:443
2020-10-24 10:39:53,224 https://api.tdameritrade.com:443 "GET /v1/marketdata/chains?apikey=IMCCPZNM01UXWS3P6X9NLMBZ9SBYUOVA&symbol=DG HTTP/1.1" 200 None
2020-10-24 10:39:53,449 Starting new HTTPS connection (1): api.tdameritrade.com:443
2020-10-24 10:39:53,866 https://api.tdameritrade.com:443 "GET /v1/marketdata/chains?apikey=IMCCPZNM01UXWS3P6X9NLMBZ9SBYUOVA&symbol=LOW HTTP/1.1" 200 None
2020-10-24 10:39:54,068 Starting new HTTPS connection (1): api.tdameritrade.com:443
2020-10-24 10:39:54,386 https://api.tdameritrade.com:443 "GET /v1/marketdata/chains?apikey=IMCCPZNM01UXWS3P6X9NLMBZ9SBYUOVA&symbol=WFC HTTP/1.1" 200 None
2020-10-24 10:39:54,586 Starting new HTTPS connection (1): api.tdameritrade.com:443
2020-10-24 10:39:54,928 https://api.tdameritrade.com:443 "GET /v1/marketdata/chains?apikey=IMCCPZNM01UXWS3P6X9NLMBZ9SBYUOVA&symbol=TGT HTTP/1.1" 200 None
2020-10-24 10:39:55,193 Starting new HTTPS connection (1): api.tdameritrade.com:443
2020-10-24 10:39:55,615 https://api.tdameritrade.com:443 "GET /v1/marketdata/chains?apikey=IMCCPZNM01UXWS3P6X9NLMBZ9SBYUOVA&symbol=GOOGL HTTP/1.1" 200 None
2020-10-24 10:39:56,101 Starting new HTTPS connection (1): api.tdameritrade.com:443
2020-10-24 10:39:56,473 https://api.tdameritrade.com:443 "GET /v1/marketdata/chains?apikey=IMCCPZNM01UXWS3P6X9NLMBZ9SBYUOVA&symbol=MU HTTP/1.1" 200 None
2020-10-24 10:39:56,654 Starting new HTTPS connection (1): api.tdameritrade.com:443
2020-10-24 10:39:57,083 https://api.tdameritrade.com:443 "GET /v1/marketdata/chains?apikey=IMCCPZNM01UXWS3P6X9NLMBZ9SBYUOVA&symbol=RCL HTTP/1.1" 200 None
2020-10-24 10:39:57,316 Starting new HTTPS connection (1): api.tdameritrade.com:443
2020-10-24 10:39:57,676 https://api.tdameritrade.com:443 "GET /v1/marketdata/chains?apikey=IMCCPZNM01UXWS3P6X9NLMBZ9SBYUOVA&symbol=WYNN HTTP/1.1" 200 None
2020-10-24 10:39:57,897 Starting new HTTPS connection (1): api.tdameritrade.com:443
2020-10-24 10:39:58,255 https://api.tdameritrade.com:443 "GET /v1/marketdata/chains?apikey=IMCCPZNM01UXWS3P6X9NLMBZ9SBYUOVA&symbol=MA HTTP/1.1" 200 None
2020-10-24 10:39:58,606 Starting new HTTPS connection (1): api.tdameritrade.com:443
2020-10-24 10:39:58,941 https://api.tdameritrade.com:443 "GET /v1/marketdata/chains?apikey=IMCCPZNM01UXWS3P6X9NLMBZ9SBYUOVA&symbol=JD HTTP/1.1" 200 None
2020-10-24 10:39:59,234 Starting new HTTPS connection (1): api.tdameritrade.com:443
2020-10-24 10:39:59,591 https://api.tdameritrade.com:443 "GET /v1/marketdata/chains?apikey=IMCCPZNM01UXWS3P6X9NLMBZ9SBYUOVA&symbol=ULTA HTTP/1.1" 200 None
2020-10-24 10:39:59,894 Starting new HTTPS connection (1): api.tdameritrade.com:443
2020-10-24 10:40:00,246 https://api.tdameritrade.com:443 "GET /v1/marketdata/chains?apikey=IMCCPZNM01UXWS3P6X9NLMBZ9SBYUOVA&symbol=MGM HTTP/1.1" 200 None
2020-10-24 10:40:00,424 Starting new HTTPS connection (1): api.tdameritrade.com:443
2020-10-24 10:40:00,976 https://api.tdameritrade.com:443 "GET /v1/marketdata/chains?apikey=IMCCPZNM01UXWS3P6X9NLMBZ9SBYUOVA&symbol=GOOG HTTP/1.1" 200 None
2020-10-24 10:40:01,447 Starting new HTTPS connection (1): api.tdameritrade.com:443
2020-10-24 10:40:01,881 https://api.tdameritrade.com:443 "GET /v1/marketdata/chains?apikey=IMCCPZNM01UXWS3P6X9NLMBZ9SBYUOVA&symbol=JNJ HTTP/1.1" 200 None
2020-10-24 10:40:02,196 Starting new HTTPS connection (1): api.tdameritrade.com:443
2020-10-24 10:40:02,632 https://api.tdameritrade.com:443 "GET /v1/marketdata/chains?apikey=IMCCPZNM01UXWS3P6X9NLMBZ9SBYUOVA&symbol=DLTR HTTP/1.1" 200 None
2020-10-24 10:40:02,808 Starting new HTTPS connection (1): api.tdameritrade.com:443
2020-10-24 10:40:03,178 https://api.tdameritrade.com:443 "GET /v1/marketdata/chains?apikey=IMCCPZNM01UXWS3P6X9NLMBZ9SBYUOVA&symbol=COST HTTP/1.1" 200 None
2020-10-24 10:40:03,518 Starting new HTTPS connection (1): api.tdameritrade.com:443
2020-10-24 10:40:03,871 https://api.tdameritrade.com:443 "GET /v1/marketdata/chains?apikey=IMCCPZNM01UXWS3P6X9NLMBZ9SBYUOVA&symbol=DOCU HTTP/1.1" 200 None
2020-10-24 10:40:04,210 Starting new HTTPS connection (1): api.tdameritrade.com:443
2020-10-24 10:40:04,593 https://api.tdameritrade.com:443 "GET /v1/marketdata/chains?apikey=IMCCPZNM01UXWS3P6X9NLMBZ9SBYUOVA&symbol=T HTTP/1.1" 200 None
2020-10-24 10:40:04,866 Starting new HTTPS connection (1): api.tdameritrade.com:443
2020-10-24 10:40:05,190 https://api.tdameritrade.com:443 "GET /v1/marketdata/chains?apikey=IMCCPZNM01UXWS3P6X9NLMBZ9SBYUOVA&symbol=LUV HTTP/1.1" 200 None
2020-10-24 10:40:05,446 Starting new HTTPS connection (1): api.tdameritrade.com:443
2020-10-24 10:40:05,814 https://api.tdameritrade.com:443 "GET /v1/marketdata/chains?apikey=IMCCPZNM01UXWS3P6X9NLMBZ9SBYUOVA&symbol=LULU HTTP/1.1" 200 None
2020-10-24 10:40:06,064 Starting new HTTPS connection (1): api.tdameritrade.com:443
2020-10-24 10:40:06,449 https://api.tdameritrade.com:443 "GET /v1/marketdata/chains?apikey=IMCCPZNM01UXWS3P6X9NLMBZ9SBYUOVA&symbol=AMAT HTTP/1.1" 200 None
2020-10-24 10:40:06,631 Starting new HTTPS connection (1): api.tdameritrade.com:443
2020-10-24 10:40:07,127 https://api.tdameritrade.com:443 "GET /v1/marketdata/chains?apikey=IMCCPZNM01UXWS3P6X9NLMBZ9SBYUOVA&symbol=GE HTTP/1.1" 200 None
2020-10-24 10:40:07,338 Starting new HTTPS connection (1): api.tdameritrade.com:443
2020-10-24 10:40:07,692 https://api.tdameritrade.com:443 "GET /v1/marketdata/chains?apikey=IMCCPZNM01UXWS3P6X9NLMBZ9SBYUOVA&symbol=UNH HTTP/1.1" 200 None
2020-10-24 10:40:07,933 Starting new HTTPS connection (1): api.tdameritrade.com:443
2020-10-24 10:40:08,385 https://api.tdameritrade.com:443 "GET /v1/marketdata/chains?apikey=IMCCPZNM01UXWS3P6X9NLMBZ9SBYUOVA&symbol=CSCO HTTP/1.1" 200 None
2020-10-24 10:40:08,593 Starting new HTTPS connection (1): api.tdameritrade.com:443
2020-10-24 10:40:08,935 https://api.tdameritrade.com:443 "GET /v1/marketdata/chains?apikey=IMCCPZNM01UXWS3P6X9NLMBZ9SBYUOVA&symbol=MCD HTTP/1.1" 200 None
2020-10-24 10:40:09,198 Starting new HTTPS connection (1): api.tdameritrade.com:443
2020-10-24 10:40:09,539 https://api.tdameritrade.com:443 "GET /v1/marketdata/chains?apikey=IMCCPZNM01UXWS3P6X9NLMBZ9SBYUOVA&symbol=PFE HTTP/1.1" 200 None
2020-10-24 10:40:09,709 Starting new HTTPS connection (1): api.tdameritrade.com:443
2020-10-24 10:40:10,179 https://api.tdameritrade.com:443 "GET /v1/marketdata/chains?apikey=IMCCPZNM01UXWS3P6X9NLMBZ9SBYUOVA&symbol=KO HTTP/1.1" 200 None
2020-10-24 10:40:10,348 Starting new HTTPS connection (1): api.tdameritrade.com:443
2020-10-24 10:40:10,719 https://api.tdameritrade.com:443 "GET /v1/marketdata/chains?apikey=IMCCPZNM01UXWS3P6X9NLMBZ9SBYUOVA&symbol=NKE HTTP/1.1" 200 None
2020-10-24 10:40:10,931 Starting new HTTPS connection (1): api.tdameritrade.com:443
2020-10-24 10:40:11,290 https://api.tdameritrade.com:443 "GET /v1/marketdata/chains?apikey=IMCCPZNM01UXWS3P6X9NLMBZ9SBYUOVA&symbol=VZ HTTP/1.1" 200 None
2020-10-24 10:40:11,345 Starting new HTTPS connection (1): api.tdameritrade.com:443
2020-10-24 10:40:11,731 https://api.tdameritrade.com:443 "GET /v1/marketdata/chains?apikey=IMCCPZNM01UXWS3P6X9NLMBZ9SBYUOVA&symbol=ATVI HTTP/1.1" 200 None
2020-10-24 10:40:11,968 Starting new HTTPS connection (1): api.tdameritrade.com:443
2020-10-24 10:40:12,379 https://api.tdameritrade.com:443 "GET /v1/marketdata/chains?apikey=IMCCPZNM01UXWS3P6X9NLMBZ9SBYUOVA&symbol=AXP HTTP/1.1" 200 None
2020-10-24 10:40:12,603 Starting new HTTPS connection (1): api.tdameritrade.com:443
2020-10-24 10:40:13,019 https://api.tdameritrade.com:443 "GET /v1/marketdata/chains?apikey=IMCCPZNM01UXWS3P6X9NLMBZ9SBYUOVA&symbol=IBM HTTP/1.1" 200 None
2020-10-24 10:40:13,337 Starting new HTTPS connection (1): api.tdameritrade.com:443
2020-10-24 10:40:13,770 https://api.tdameritrade.com:443 "GET /v1/marketdata/chains?apikey=IMCCPZNM01UXWS3P6X9NLMBZ9SBYUOVA&symbol=BBY HTTP/1.1" 200 None
2020-10-24 10:40:14,056 Starting new HTTPS connection (1): api.tdameritrade.com:443
2020-10-24 10:40:14,432 https://api.tdameritrade.com:443 "GET /v1/marketdata/chains?apikey=IMCCPZNM01UXWS3P6X9NLMBZ9SBYUOVA&symbol=CAT HTTP/1.1" 200 None
2020-10-24 10:40:14,754 Starting new HTTPS connection (1): api.tdameritrade.com:443
2020-10-24 10:40:15,092 https://api.tdameritrade.com:443 "GET /v1/marketdata/chains?apikey=IMCCPZNM01UXWS3P6X9NLMBZ9SBYUOVA&symbol=F HTTP/1.1" 200 None
2020-10-24 10:40:15,187 Starting new HTTPS connection (1): api.tdameritrade.com:443
2020-10-24 10:40:15,559 https://api.tdameritrade.com:443 "GET /v1/marketdata/chains?apikey=IMCCPZNM01UXWS3P6X9NLMBZ9SBYUOVA&symbol=UPS HTTP/1.1" 200 None
2020-10-24 10:40:15,793 Starting new HTTPS connection (1): api.tdameritrade.com:443
2020-10-24 10:40:16,227 https://api.tdameritrade.com:443 "GET /v1/marketdata/chains?apikey=IMCCPZNM01UXWS3P6X9NLMBZ9SBYUOVA&symbol=HPQ HTTP/1.1" 200 None
2020-10-24 10:40:16,389 Starting new HTTPS connection (1): api.tdameritrade.com:443
2020-10-24 10:40:16,761 https://api.tdameritrade.com:443 "GET /v1/marketdata/chains?apikey=IMCCPZNM01UXWS3P6X9NLMBZ9SBYUOVA&symbol=CVS HTTP/1.1" 200 None
2020-10-24 10:40:16,965 Starting new HTTPS connection (1): api.tdameritrade.com:443
2020-10-24 10:40:17,327 https://api.tdameritrade.com:443 "GET /v1/marketdata/chains?apikey=IMCCPZNM01UXWS3P6X9NLMBZ9SBYUOVA&symbol=FDX HTTP/1.1" 200 None
2020-10-24 10:40:17,623 Starting new HTTPS connection (1): api.tdameritrade.com:443
2020-10-24 10:40:17,959 https://api.tdameritrade.com:443 "GET /v1/marketdata/chains?apikey=IMCCPZNM01UXWS3P6X9NLMBZ9SBYUOVA&symbol=OXY HTTP/1.1" 200 None
2020-10-24 10:40:18,150 Starting new HTTPS connection (1): api.tdameritrade.com:443
2020-10-24 10:40:18,524 https://api.tdameritrade.com:443 "GET /v1/marketdata/chains?apikey=IMCCPZNM01UXWS3P6X9NLMBZ9SBYUOVA&symbol=MS HTTP/1.1" 200 None
2020-10-24 10:40:18,707 Starting new HTTPS connection (1): api.tdameritrade.com:443
2020-10-24 10:40:19,103 https://api.tdameritrade.com:443 "GET /v1/marketdata/chains?apikey=IMCCPZNM01UXWS3P6X9NLMBZ9SBYUOVA&symbol=AMGN HTTP/1.1" 200 None
2020-10-24 10:40:19,356 Starting new HTTPS connection (1): api.tdameritrade.com:443
2020-10-24 10:40:19,773 https://api.tdameritrade.com:443 "GET /v1/marketdata/chains?apikey=IMCCPZNM01UXWS3P6X9NLMBZ9SBYUOVA&symbol=GILD HTTP/1.1" 200 None
2020-10-24 10:40:20,021 Starting new HTTPS connection (1): api.tdameritrade.com:443
2020-10-24 10:40:20,364 https://api.tdameritrade.com:443 "GET /v1/marketdata/chains?apikey=IMCCPZNM01UXWS3P6X9NLMBZ9SBYUOVA&symbol=MMM HTTP/1.1" 200 None
2020-10-24 10:40:20,588 Starting new HTTPS connection (1): api.tdameritrade.com:443
2020-10-24 10:40:20,949 https://api.tdameritrade.com:443 "GET /v1/marketdata/chains?apikey=IMCCPZNM01UXWS3P6X9NLMBZ9SBYUOVA&symbol=MAR HTTP/1.1" 200 None
2020-10-24 10:40:21,198 Starting new HTTPS connection (1): api.tdameritrade.com:443
2020-10-24 10:40:21,575 https://api.tdameritrade.com:443 "GET /v1/marketdata/chains?apikey=IMCCPZNM01UXWS3P6X9NLMBZ9SBYUOVA&symbol=BIDU HTTP/1.1" 200 None
2020-10-24 10:40:21,815 Starting new HTTPS connection (1): api.tdameritrade.com:443
2020-10-24 10:40:22,215 https://api.tdameritrade.com:443 "GET /v1/marketdata/chains?apikey=IMCCPZNM01UXWS3P6X9NLMBZ9SBYUOVA&symbol=ABBV HTTP/1.1" 200 None
2020-10-24 10:40:22,522 Starting new HTTPS connection (1): api.tdameritrade.com:443
2020-10-24 10:40:22,908 https://api.tdameritrade.com:443 "GET /v1/marketdata/chains?apikey=IMCCPZNM01UXWS3P6X9NLMBZ9SBYUOVA&symbol=MRK HTTP/1.1" 200 None
2020-10-24 10:40:23,143 Starting new HTTPS connection (1): api.tdameritrade.com:443
2020-10-24 10:40:23,536 https://api.tdameritrade.com:443 "GET /v1/marketdata/chains?apikey=IMCCPZNM01UXWS3P6X9NLMBZ9SBYUOVA&symbol=LRCX HTTP/1.1" 200 None
2020-10-24 10:40:23,855 Starting new HTTPS connection (1): api.tdameritrade.com:443
2020-10-24 10:40:24,178 https://api.tdameritrade.com:443 "GET /v1/marketdata/chains?apikey=IMCCPZNM01UXWS3P6X9NLMBZ9SBYUOVA&symbol=PG HTTP/1.1" 200 None
2020-10-24 10:40:24,408 Starting new HTTPS connection (1): api.tdameritrade.com:443
2020-10-24 10:40:24,726 https://api.tdameritrade.com:443 "GET /v1/marketdata/chains?apikey=IMCCPZNM01UXWS3P6X9NLMBZ9SBYUOVA&symbol=FCX HTTP/1.1" 200 None
2020-10-24 10:40:24,884 Starting new HTTPS connection (1): api.tdameritrade.com:443
2020-10-24 10:40:25,327 https://api.tdameritrade.com:443 "GET /v1/marketdata/chains?apikey=IMCCPZNM01UXWS3P6X9NLMBZ9SBYUOVA&symbol=PEP HTTP/1.1" 200 None
2020-10-24 10:40:25,502 Starting new HTTPS connection (1): api.tdameritrade.com:443
2020-10-24 10:40:25,898 https://api.tdameritrade.com:443 "GET /v1/marketdata/chains?apikey=IMCCPZNM01UXWS3P6X9NLMBZ9SBYUOVA&symbol=MDT HTTP/1.1" 200 None
2020-10-24 10:40:26,113 Starting new HTTPS connection (1): api.tdameritrade.com:443
2020-10-24 10:40:26,447 https://api.tdameritrade.com:443 "GET /v1/marketdata/chains?apikey=IMCCPZNM01UXWS3P6X9NLMBZ9SBYUOVA&symbol=VIAC HTTP/1.1" 200 None
2020-10-24 10:40:26,616 Starting new HTTPS connection (1): api.tdameritrade.com:443
2020-10-24 10:40:26,990 https://api.tdameritrade.com:443 "GET /v1/marketdata/chains?apikey=IMCCPZNM01UXWS3P6X9NLMBZ9SBYUOVA&symbol=CVX HTTP/1.1" 200 None
2020-10-24 10:40:27,349 Starting new HTTPS connection (1): api.tdameritrade.com:443
2020-10-24 10:40:27,749 https://api.tdameritrade.com:443 "GET /v1/marketdata/chains?apikey=IMCCPZNM01UXWS3P6X9NLMBZ9SBYUOVA&symbol=RTX HTTP/1.1" 200 None
2020-10-24 10:40:28,153 Starting new HTTPS connection (1): api.tdameritrade.com:443
2020-10-24 10:40:28,474 https://api.tdameritrade.com:443 "GET /v1/marketdata/chains?apikey=IMCCPZNM01UXWS3P6X9NLMBZ9SBYUOVA&symbol=LVS HTTP/1.1" 200 None
2020-10-24 10:40:28,787 Starting new HTTPS connection (1): api.tdameritrade.com:443
2020-10-24 10:40:29,122 https://api.tdameritrade.com:443 "GET /v1/marketdata/chains?apikey=IMCCPZNM01UXWS3P6X9NLMBZ9SBYUOVA&symbol=GM HTTP/1.1" 200 None
2020-10-24 10:40:29,355 Starting new HTTPS connection (1): api.tdameritrade.com:443
2020-10-24 10:40:29,785 https://api.tdameritrade.com:443 "GET /v1/marketdata/chains?apikey=IMCCPZNM01UXWS3P6X9NLMBZ9SBYUOVA&symbol=WDC HTTP/1.1" 200 None
2020-10-24 10:40:30,004 Starting new HTTPS connection (1): api.tdameritrade.com:443
2020-10-24 10:40:30,429 https://api.tdameritrade.com:443 "GET /v1/marketdata/chains?apikey=IMCCPZNM01UXWS3P6X9NLMBZ9SBYUOVA&symbol=KR HTTP/1.1" 200 None
2020-10-24 10:40:30,640 Starting new HTTPS connection (1): api.tdameritrade.com:443
2020-10-24 10:40:31,128 https://api.tdameritrade.com:443 "GET /v1/marketdata/chains?apikey=IMCCPZNM01UXWS3P6X9NLMBZ9SBYUOVA&symbol=EBAY HTTP/1.1" 200 None
2020-10-24 10:40:31,404 Starting new HTTPS connection (1): api.tdameritrade.com:443
2020-10-24 10:40:31,762 https://api.tdameritrade.com:443 "GET /v1/marketdata/chains?apikey=IMCCPZNM01UXWS3P6X9NLMBZ9SBYUOVA&symbol=NOW HTTP/1.1" 200 None
2020-10-24 10:40:32,106 Starting new HTTPS connection (1): api.tdameritrade.com:443
2020-10-24 10:40:32,524 https://api.tdameritrade.com:443 "GET /v1/marketdata/chains?apikey=IMCCPZNM01UXWS3P6X9NLMBZ9SBYUOVA&symbol=BMY HTTP/1.1" 200 None
2020-10-24 10:40:32,691 Starting new HTTPS connection (1): api.tdameritrade.com:443
2020-10-24 10:40:33,201 https://api.tdameritrade.com:443 "GET /v1/marketdata/chains?apikey=IMCCPZNM01UXWS3P6X9NLMBZ9SBYUOVA&symbol=AVGO HTTP/1.1" 200 None
2020-10-24 10:40:33,508 Starting new HTTPS connection (1): api.tdameritrade.com:443
2020-10-24 10:40:33,853 https://api.tdameritrade.com:443 "GET /v1/marketdata/chains?apikey=IMCCPZNM01UXWS3P6X9NLMBZ9SBYUOVA&symbol=CMCSA HTTP/1.1" 200 None
2020-10-24 10:40:34,064 Starting new HTTPS connection (1): api.tdameritrade.com:443
2020-10-24 10:40:34,500 https://api.tdameritrade.com:443 "GET /v1/marketdata/chains?apikey=IMCCPZNM01UXWS3P6X9NLMBZ9SBYUOVA&symbol=CMG HTTP/1.1" 200 None
2020-10-24 10:40:34,859 Starting new HTTPS connection (1): api.tdameritrade.com:443
2020-10-24 10:40:35,193 https://api.tdameritrade.com:443 "GET /v1/marketdata/chains?apikey=IMCCPZNM01UXWS3P6X9NLMBZ9SBYUOVA&symbol=KSS HTTP/1.1" 200 None
2020-10-24 10:40:35,442 Starting new HTTPS connection (1): api.tdameritrade.com:443
2020-10-24 10:40:35,908 https://api.tdameritrade.com:443 "GET /v1/marketdata/chains?apikey=IMCCPZNM01UXWS3P6X9NLMBZ9SBYUOVA&symbol=MO HTTP/1.1" 200 None
2020-10-24 10:40:36,099 Starting new HTTPS connection (1): api.tdameritrade.com:443
2020-10-24 10:40:36,437 https://api.tdameritrade.com:443 "GET /v1/marketdata/chains?apikey=IMCCPZNM01UXWS3P6X9NLMBZ9SBYUOVA&symbol=NEM HTTP/1.1" 200 None
2020-10-24 10:40:36,611 Starting new HTTPS connection (1): api.tdameritrade.com:443
2020-10-24 10:40:37,006 https://api.tdameritrade.com:443 "GET /v1/marketdata/chains?apikey=IMCCPZNM01UXWS3P6X9NLMBZ9SBYUOVA&symbol=DE HTTP/1.1" 200 None
2020-10-24 10:40:37,292 Starting new HTTPS connection (1): api.tdameritrade.com:443
2020-10-24 10:40:37,667 https://api.tdameritrade.com:443 "GET /v1/marketdata/chains?apikey=IMCCPZNM01UXWS3P6X9NLMBZ9SBYUOVA&symbol=KHC HTTP/1.1" 200 None
2020-10-24 10:40:37,817 Starting new HTTPS connection (1): api.tdameritrade.com:443
2020-10-24 10:40:38,164 https://api.tdameritrade.com:443 "GET /v1/marketdata/chains?apikey=IMCCPZNM01UXWS3P6X9NLMBZ9SBYUOVA&symbol=HYG HTTP/1.1" 200 None
2020-10-24 10:40:38,602 Starting new HTTPS connection (1): api.tdameritrade.com:443
2020-10-24 10:40:38,951 https://api.tdameritrade.com:443 "GET /v1/marketdata/chains?apikey=IMCCPZNM01UXWS3P6X9NLMBZ9SBYUOVA&symbol=SPG HTTP/1.1" 200 None
2020-10-24 10:40:39,048 Starting new HTTPS connection (1): api.tdameritrade.com:443
2020-10-24 10:40:39,382 https://api.tdameritrade.com:443 "GET /v1/marketdata/chains?apikey=IMCCPZNM01UXWS3P6X9NLMBZ9SBYUOVA&symbol=VLO HTTP/1.1" 200 None
2020-10-24 10:40:39,548 Starting new HTTPS connection (1): api.tdameritrade.com:443
2020-10-24 10:40:39,889 https://api.tdameritrade.com:443 "GET /v1/marketdata/chains?apikey=IMCCPZNM01UXWS3P6X9NLMBZ9SBYUOVA&symbol=WBA HTTP/1.1" 200 None
2020-10-24 10:40:40,057 Starting new HTTPS connection (1): api.tdameritrade.com:443
2020-10-24 10:40:40,436 https://api.tdameritrade.com:443 "GET /v1/marketdata/chains?apikey=IMCCPZNM01UXWS3P6X9NLMBZ9SBYUOVA&symbol=DHI HTTP/1.1" 200 None
2020-10-24 10:40:40,687 Starting new HTTPS connection (1): api.tdameritrade.com:443
2020-10-24 10:40:41,066 https://api.tdameritrade.com:443 "GET /v1/marketdata/chains?apikey=IMCCPZNM01UXWS3P6X9NLMBZ9SBYUOVA&symbol=USB HTTP/1.1" 200 None
2020-10-24 10:40:41,269 Starting new HTTPS connection (1): api.tdameritrade.com:443
2020-10-24 10:40:41,634 https://api.tdameritrade.com:443 "GET /v1/marketdata/chains?apikey=IMCCPZNM01UXWS3P6X9NLMBZ9SBYUOVA&symbol=COP HTTP/1.1" 200 None
2020-10-24 10:40:41,875 Starting new HTTPS connection (1): api.tdameritrade.com:443
2020-10-24 10:40:42,224 https://api.tdameritrade.com:443 "GET /v1/marketdata/chains?apikey=IMCCPZNM01UXWS3P6X9NLMBZ9SBYUOVA&symbol=HAL HTTP/1.1" 200 None
2020-10-24 10:40:42,375 Starting new HTTPS connection (1): api.tdameritrade.com:443
2020-10-24 10:40:42,716 https://api.tdameritrade.com:443 "GET /v1/marketdata/chains?apikey=IMCCPZNM01UXWS3P6X9NLMBZ9SBYUOVA&symbol=MRO HTTP/1.1" 200 None
2020-10-24 10:40:42,813 Starting new HTTPS connection (1): api.tdameritrade.com:443
2020-10-24 10:40:43,373 https://api.tdameritrade.com:443 "GET /v1/marketdata/chains?apikey=IMCCPZNM01UXWS3P6X9NLMBZ9SBYUOVA&symbol=FISV HTTP/1.1" 200 None
2020-10-24 10:40:43,594 Starting new HTTPS connection (1): api.tdameritrade.com:443
2020-10-24 10:40:43,963 https://api.tdameritrade.com:443 "GET /v1/marketdata/chains?apikey=IMCCPZNM01UXWS3P6X9NLMBZ9SBYUOVA&symbol=AIG HTTP/1.1" 200 None
2020-10-24 10:40:44,125 Starting new HTTPS connection (1): api.tdameritrade.com:443
2020-10-24 10:40:44,541 https://api.tdameritrade.com:443 "GET /v1/marketdata/chains?apikey=IMCCPZNM01UXWS3P6X9NLMBZ9SBYUOVA&symbol=SLB HTTP/1.1" 200 None
2020-10-24 10:40:44,715 Starting new HTTPS connection (1): api.tdameritrade.com:443
2020-10-24 10:40:45,047 https://api.tdameritrade.com:443 "GET /v1/marketdata/chains?apikey=IMCCPZNM01UXWS3P6X9NLMBZ9SBYUOVA&symbol=SO HTTP/1.1" 200 None
2020-10-24 10:40:45,250 Starting new HTTPS connection (1): api.tdameritrade.com:443
2020-10-24 10:40:45,622 https://api.tdameritrade.com:443 "GET /v1/marketdata/chains?apikey=IMCCPZNM01UXWS3P6X9NLMBZ9SBYUOVA&symbol=LEN HTTP/1.1" 200 None
2020-10-24 10:40:45,817 Starting new HTTPS connection (1): api.tdameritrade.com:443
2020-10-24 10:40:46,226 https://api.tdameritrade.com:443 "GET /v1/marketdata/chains?apikey=IMCCPZNM01UXWS3P6X9NLMBZ9SBYUOVA&symbol=LB HTTP/1.1" 200 None
2020-10-24 10:40:46,377 Starting new HTTPS connection (1): api.tdameritrade.com:443
2020-10-24 10:40:46,736 https://api.tdameritrade.com:443 "GET /v1/marketdata/chains?apikey=IMCCPZNM01UXWS3P6X9NLMBZ9SBYUOVA&symbol=TJX HTTP/1.1" 200 None
2020-10-24 10:40:46,900 Starting new HTTPS connection (1): api.tdameritrade.com:443
2020-10-24 10:40:47,315 https://api.tdameritrade.com:443 "GET /v1/marketdata/chains?apikey=IMCCPZNM01UXWS3P6X9NLMBZ9SBYUOVA&symbol=DPZ HTTP/1.1" 200 None
2020-10-24 10:40:47,698 Starting new HTTPS connection (1): api.tdameritrade.com:443
2020-10-24 10:40:48,112 https://api.tdameritrade.com:443 "GET /v1/marketdata/chains?apikey=IMCCPZNM01UXWS3P6X9NLMBZ9SBYUOVA&symbol=KEYS HTTP/1.1" 200 None
2020-10-24 10:40:48,213 Starting new HTTPS connection (1): api.tdameritrade.com:443
2020-10-24 10:40:48,597 https://api.tdameritrade.com:443 "GET /v1/marketdata/chains?apikey=IMCCPZNM01UXWS3P6X9NLMBZ9SBYUOVA&symbol=EL HTTP/1.1" 200 None
2020-10-24 10:40:48,712 Starting new HTTPS connection (1): api.tdameritrade.com:443
2020-10-24 10:40:49,174 https://api.tdameritrade.com:443 "GET /v1/marketdata/chains?apikey=IMCCPZNM01UXWS3P6X9NLMBZ9SBYUOVA&symbol=JNK HTTP/1.1" 200 None
2020-10-24 10:40:52,686 132 symbols uploaded, 0 failed:89.29953074455261 seconds elapsed
